The target system is: Generic - 1 - RISCV
The host system is: Linux - 6.1.9-100.fc36.x86_64 - x86_64
Compiling the C compiler identification source file "CMakeCCompilerId.c" succeeded.
Compiler: /opt/riscv64-unknown-elf/bin/riscv64-unknown-elf-gcc 
Build flags: 
Id flags:  

The output was:
0


Compilation of the C compiler identification source "CMakeCCompilerId.c" produced "a.out"

The C compiler identification is GNU, found in "/home/cjacker/work/opensource-toolchain-bouffalo-lab/triplecore_bl808/helloworld_lp/build/CMakeFiles/3.25.1/CompilerIdC/a.out"

Compiling the CXX compiler identification source file "CMakeCXXCompilerId.cpp" succeeded.
Compiler: /opt/riscv64-unknown-elf/bin/riscv64-unknown-elf-g++ 
Build flags: 
Id flags:  

The output was:
0


Compilation of the CXX compiler identification source "CMakeCXXCompilerId.cpp" produced "a.out"

The CXX compiler identification is GNU, found in "/home/cjacker/work/opensource-toolchain-bouffalo-lab/triplecore_bl808/helloworld_lp/build/CMakeFiles/3.25.1/CompilerIdCXX/a.out"

Checking whether the ASM compiler is GNU using "--version" matched "(GNU assembler)|(GCC)|(Free Software Foundation)":
riscv64-unknown-elf-gcc (Xuantie-900 elf newlib gcc Toolchain V2.6.1 B-20220906) 10.2.0
Copyright (C) 2020 Free Software Foundation, Inc.
This is free software; see the source for copying conditions.  There is NO
warranty; not even for MERCHANTABILITY or FITNESS FOR A PARTICULAR PURPOSE.

Detecting C compiler ABI info compiled with the following output:
Change Dir: /home/cjacker/work/opensource-toolchain-bouffalo-lab/triplecore_bl808/helloworld_lp/build/CMakeFiles/CMakeScratch/TryCompile-5LTVMV

Run Build Command(s):/usr/bin/gmake -f Makefile cmTC_dece5/fast && gmake[2]: Entering directory '/home/cjacker/work/opensource-toolchain-bouffalo-lab/triplecore_bl808/helloworld_lp/build/CMakeFiles/CMakeScratch/TryCompile-5LTVMV'
/usr/bin/gmake  -f CMakeFiles/cmTC_dece5.dir/build.make CMakeFiles/cmTC_dece5.dir/build
gmake[3]: Entering directory '/home/cjacker/work/opensource-toolchain-bouffalo-lab/triplecore_bl808/helloworld_lp/build/CMakeFiles/CMakeScratch/TryCompile-5LTVMV'
Building C object CMakeFiles/cmTC_dece5.dir/CMakeCCompilerABI.c.obj
/opt/riscv64-unknown-elf/bin/riscv64-unknown-elf-gcc   -v -o CMakeFiles/cmTC_dece5.dir/CMakeCCompilerABI.c.obj -c /home/cjacker/bl_mcu_sdk/tools/cmake/share/cmake-3.25/Modules/CMakeCCompilerABI.c
Using built-in specs.
COLLECT_GCC=/opt/riscv64-unknown-elf/bin/riscv64-unknown-elf-gcc
Target: riscv64-unknown-elf
Configured with: /mnt/ssd/jenkins_iotsw/slave/workspace/Toolchain/build-gnu-riscv/./source/riscv/riscv-gcc/configure --target=riscv64-unknown-elf --with-gmp=/mnt/ssd/jenkins_iotsw/slave/workspace/Toolchain/build-gnu-riscv/build-gcc-riscv64-unknown-elf/build-Xuantie-900-gcc-elf-newlib-x86_64-V2.6.1/lib-for-gcc-x86_64-linux --with-mpfr=/mnt/ssd/jenkins_iotsw/slave/workspace/Toolchain/build-gnu-riscv/build-gcc-riscv64-unknown-elf/build-Xuantie-900-gcc-elf-newlib-x86_64-V2.6.1/lib-for-gcc-x86_64-linux --with-mpc=/mnt/ssd/jenkins_iotsw/slave/workspace/Toolchain/build-gnu-riscv/build-gcc-riscv64-unknown-elf/build-Xuantie-900-gcc-elf-newlib-x86_64-V2.6.1/lib-for-gcc-x86_64-linux --with-libexpat-prefix=/mnt/ssd/jenkins_iotsw/slave/workspace/Toolchain/build-gnu-riscv/build-gcc-riscv64-unknown-elf/build-Xuantie-900-gcc-elf-newlib-x86_64-V2.6.1/lib-for-gcc-x86_64-linux --with-libmpfr-prefix=/mnt/ssd/jenkins_iotsw/slave/workspace/Toolchain/build-gnu-riscv/build-gcc-riscv64-unknown-elf/build-Xuantie-900-gcc-elf-newlib-x86_64-V2.6.1/lib-for-gcc-x86_64-linux --with-pkgversion='Xuantie-900 elf newlib gcc Toolchain V2.6.1 B-20220906' CXXFLAGS='-g -O2 -DTHEAD_VERSION_NUMBER=2.6.1 ' --enable-libgcctf --prefix=/mnt/ssd/jenkins_iotsw/slave/workspace/Toolchain/build-gnu-riscv/build-gcc-riscv64-unknown-elf/Xuantie-900-gcc-elf-newlib-x86_64-V2.6.1 --disable-shared --enable-threads=posix --enable-languages=c,c++ --with-system-zlib --enable-tls --with-newlib --with-sysroot=/mnt/ssd/jenkins_iotsw/slave/workspace/Toolchain/build-gnu-riscv/build-gcc-riscv64-unknown-elf/Xuantie-900-gcc-elf-newlib-x86_64-V2.6.1/riscv64-unknown-elf --with-native-system-header-dir=/include --disable-libmudflap --disable-libssp --disable-libquadmath --disable-libgomp --disable-nls --disable-tm-clone-registry --src=/mnt/ssd/jenkins_iotsw/slave/workspace/Toolchain/build-gnu-riscv/./source/riscv/riscv-gcc --enable-multilib --with-abi=lp64d --with-arch=rv64gcxthead 'CFLAGS_FOR_TARGET=-Os   -mcmodel=medany' 'CXXFLAGS_FOR_TARGET=-Os   -mcmodel=medany'
Thread model: posix
Supported LTO compression algorithms: zlib
gcc version 10.2.0 (Xuantie-900 elf newlib gcc Toolchain V2.6.1 B-20220906) 
COLLECT_GCC_OPTIONS='-v' '-o' 'CMakeFiles/cmTC_dece5.dir/CMakeCCompilerABI.c.obj' '-c' '-march=rv64gcxthead' '-mabi=lp64d' '-march=rv64imafdc_xtheadc'
 /opt/riscv64-unknown-elf/bin/../libexec/gcc/riscv64-unknown-elf/10.2.0/cc1 -quiet -v -imultilib rv64imafdc_zfh_xtheadc/lp64d -iprefix /opt/riscv64-unknown-elf/bin/../lib/gcc/riscv64-unknown-elf/10.2.0/ -isysroot /opt/riscv64-unknown-elf/bin/../riscv64-unknown-elf /home/cjacker/bl_mcu_sdk/tools/cmake/share/cmake-3.25/Modules/CMakeCCompilerABI.c -quiet -dumpbase CMakeCCompilerABI.c -march=rv64gcxthead -mabi=lp64d -march=rv64imafdc_xtheadc -auxbase-strip CMakeFiles/cmTC_dece5.dir/CMakeCCompilerABI.c.obj -version -o /tmp/ccG2yT5T.s
GNU C17 (Xuantie-900 elf newlib gcc Toolchain V2.6.1 B-20220906) version 10.2.0 (riscv64-unknown-elf)
	compiled by GNU C version 6.4.0, GMP version 6.2.0, MPFR version 4.0.2, MPC version 1.1.0, isl version none
GGC heuristics: --param ggc-min-expand=100 --param ggc-min-heapsize=131072
ignoring duplicate directory "/opt/riscv64-unknown-elf/bin/../lib/gcc/../../lib/gcc/riscv64-unknown-elf/10.2.0/include"
ignoring nonexistent directory "/opt/riscv64-unknown-elf/bin/../riscv64-unknown-elf/usr/local/include"
ignoring duplicate directory "/opt/riscv64-unknown-elf/bin/../lib/gcc/../../lib/gcc/riscv64-unknown-elf/10.2.0/include-fixed"
ignoring duplicate directory "/opt/riscv64-unknown-elf/bin/../lib/gcc/../../lib/gcc/riscv64-unknown-elf/10.2.0/../../../../riscv64-unknown-elf/include"
ignoring duplicate directory "/opt/riscv64-unknown-elf/bin/../riscv64-unknown-elf/include"
#include "..." search starts here:
#include <...> search starts here:
 /opt/riscv64-unknown-elf/bin/../lib/gcc/riscv64-unknown-elf/10.2.0/include
 /opt/riscv64-unknown-elf/bin/../lib/gcc/riscv64-unknown-elf/10.2.0/include-fixed
 /opt/riscv64-unknown-elf/bin/../lib/gcc/riscv64-unknown-elf/10.2.0/../../../../riscv64-unknown-elf/include
End of search list.
GNU C17 (Xuantie-900 elf newlib gcc Toolchain V2.6.1 B-20220906) version 10.2.0 (riscv64-unknown-elf)
	compiled by GNU C version 6.4.0, GMP version 6.2.0, MPFR version 4.0.2, MPC version 1.1.0, isl version none
GGC heuristics: --param ggc-min-expand=100 --param ggc-min-heapsize=131072
Compiler executable checksum: d4902f1ec543c8b1ce8bb3832d5a3c2b
COLLECT_GCC_OPTIONS='-v' '-o' 'CMakeFiles/cmTC_dece5.dir/CMakeCCompilerABI.c.obj' '-c' '-march=rv64gcxthead' '-mabi=lp64d' '-march=rv64imafdc_xtheadc'
 /opt/riscv64-unknown-elf/bin/../lib/gcc/riscv64-unknown-elf/10.2.0/../../../../riscv64-unknown-elf/bin/as -v --traditional-format -march=rv64gcxthead -march=rv64imafdc_xtheadc -mabi=lp64d -o CMakeFiles/cmTC_dece5.dir/CMakeCCompilerABI.c.obj /tmp/ccG2yT5T.s
GNU assembler version 2.35 (riscv64-unknown-elf) using BFD version (GNU Binutils) 2.35
COMPILER_PATH=/opt/riscv64-unknown-elf/bin/../libexec/gcc/riscv64-unknown-elf/10.2.0/:/opt/riscv64-unknown-elf/bin/../libexec/gcc/:/opt/riscv64-unknown-elf/bin/../lib/gcc/riscv64-unknown-elf/10.2.0/../../../../riscv64-unknown-elf/bin/
LIBRARY_PATH=/opt/riscv64-unknown-elf/bin/../lib/gcc/riscv64-unknown-elf/10.2.0/rv64imafdc_zfh_xtheadc/lp64d/:/opt/riscv64-unknown-elf/bin/../lib/gcc/riscv64-unknown-elf/10.2.0/../../../../riscv64-unknown-elf/lib/rv64imafdc_zfh_xtheadc/lp64d/:/opt/riscv64-unknown-elf/bin/../riscv64-unknown-elf/lib/rv64imafdc_zfh_xtheadc/lp64d/:/opt/riscv64-unknown-elf/bin/../lib/gcc/riscv64-unknown-elf/10.2.0/:/opt/riscv64-unknown-elf/bin/../lib/gcc/:/opt/riscv64-unknown-elf/bin/../lib/gcc/riscv64-unknown-elf/10.2.0/../../../../riscv64-unknown-elf/lib/:/opt/riscv64-unknown-elf/bin/../riscv64-unknown-elf/lib/
COLLECT_GCC_OPTIONS='-v' '-o' 'CMakeFiles/cmTC_dece5.dir/CMakeCCompilerABI.c.obj' '-c' '-march=rv64gcxthead' '-mabi=lp64d' '-march=rv64imafdc_xtheadc'
Linking C executable cmTC_dece5
/home/cjacker/bl_mcu_sdk/tools/cmake/bin/cmake -E cmake_link_script CMakeFiles/cmTC_dece5.dir/link.txt --verbose=1
/opt/riscv64-unknown-elf/bin/riscv64-unknown-elf-gcc  -v CMakeFiles/cmTC_dece5.dir/CMakeCCompilerABI.c.obj -o cmTC_dece5 
Using built-in specs.
COLLECT_GCC=/opt/riscv64-unknown-elf/bin/riscv64-unknown-elf-gcc
COLLECT_LTO_WRAPPER=/opt/riscv64-unknown-elf/bin/../libexec/gcc/riscv64-unknown-elf/10.2.0/lto-wrapper
Target: riscv64-unknown-elf
Configured with: /mnt/ssd/jenkins_iotsw/slave/workspace/Toolchain/build-gnu-riscv/./source/riscv/riscv-gcc/configure --target=riscv64-unknown-elf --with-gmp=/mnt/ssd/jenkins_iotsw/slave/workspace/Toolchain/build-gnu-riscv/build-gcc-riscv64-unknown-elf/build-Xuantie-900-gcc-elf-newlib-x86_64-V2.6.1/lib-for-gcc-x86_64-linux --with-mpfr=/mnt/ssd/jenkins_iotsw/slave/workspace/Toolchain/build-gnu-riscv/build-gcc-riscv64-unknown-elf/build-Xuantie-900-gcc-elf-newlib-x86_64-V2.6.1/lib-for-gcc-x86_64-linux --with-mpc=/mnt/ssd/jenkins_iotsw/slave/workspace/Toolchain/build-gnu-riscv/build-gcc-riscv64-unknown-elf/build-Xuantie-900-gcc-elf-newlib-x86_64-V2.6.1/lib-for-gcc-x86_64-linux --with-libexpat-prefix=/mnt/ssd/jenkins_iotsw/slave/workspace/Toolchain/build-gnu-riscv/build-gcc-riscv64-unknown-elf/build-Xuantie-900-gcc-elf-newlib-x86_64-V2.6.1/lib-for-gcc-x86_64-linux --with-libmpfr-prefix=/mnt/ssd/jenkins_iotsw/slave/workspace/Toolchain/build-gnu-riscv/build-gcc-riscv64-unknown-elf/build-Xuantie-900-gcc-elf-newlib-x86_64-V2.6.1/lib-for-gcc-x86_64-linux --with-pkgversion='Xuantie-900 elf newlib gcc Toolchain V2.6.1 B-20220906' CXXFLAGS='-g -O2 -DTHEAD_VERSION_NUMBER=2.6.1 ' --enable-libgcctf --prefix=/mnt/ssd/jenkins_iotsw/slave/workspace/Toolchain/build-gnu-riscv/build-gcc-riscv64-unknown-elf/Xuantie-900-gcc-elf-newlib-x86_64-V2.6.1 --disable-shared --enable-threads=posix --enable-languages=c,c++ --with-system-zlib --enable-tls --with-newlib --with-sysroot=/mnt/ssd/jenkins_iotsw/slave/workspace/Toolchain/build-gnu-riscv/build-gcc-riscv64-unknown-elf/Xuantie-900-gcc-elf-newlib-x86_64-V2.6.1/riscv64-unknown-elf --with-native-system-header-dir=/include --disable-libmudflap --disable-libssp --disable-libquadmath --disable-libgomp --disable-nls --disable-tm-clone-registry --src=/mnt/ssd/jenkins_iotsw/slave/workspace/Toolchain/build-gnu-riscv/./source/riscv/riscv-gcc --enable-multilib --with-abi=lp64d --with-arch=rv64gcxthead 'CFLAGS_FOR_TARGET=-Os   -mcmodel=medany' 'CXXFLAGS_FOR_TARGET=-Os   -mcmodel=medany'
Thread model: posix
Supported LTO compression algorithms: zlib
gcc version 10.2.0 (Xuantie-900 elf newlib gcc Toolchain V2.6.1 B-20220906) 
COMPILER_PATH=/opt/riscv64-unknown-elf/bin/../libexec/gcc/riscv64-unknown-elf/10.2.0/:/opt/riscv64-unknown-elf/bin/../libexec/gcc/:/opt/riscv64-unknown-elf/bin/../lib/gcc/riscv64-unknown-elf/10.2.0/../../../../riscv64-unknown-elf/bin/
LIBRARY_PATH=/opt/riscv64-unknown-elf/bin/../lib/gcc/riscv64-unknown-elf/10.2.0/rv64imafdc_zfh_xtheadc/lp64d/:/opt/riscv64-unknown-elf/bin/../lib/gcc/riscv64-unknown-elf/10.2.0/../../../../riscv64-unknown-elf/lib/rv64imafdc_zfh_xtheadc/lp64d/:/opt/riscv64-unknown-elf/bin/../riscv64-unknown-elf/lib/rv64imafdc_zfh_xtheadc/lp64d/:/opt/riscv64-unknown-elf/bin/../lib/gcc/riscv64-unknown-elf/10.2.0/:/opt/riscv64-unknown-elf/bin/../lib/gcc/:/opt/riscv64-unknown-elf/bin/../lib/gcc/riscv64-unknown-elf/10.2.0/../../../../riscv64-unknown-elf/lib/:/opt/riscv64-unknown-elf/bin/../riscv64-unknown-elf/lib/
COLLECT_GCC_OPTIONS='-v' '-o' 'cmTC_dece5' '-march=rv64gcxthead' '-mabi=lp64d' '-march=rv64imafdc_xtheadc'
 /opt/riscv64-unknown-elf/bin/../libexec/gcc/riscv64-unknown-elf/10.2.0/collect2 -plugin /opt/riscv64-unknown-elf/bin/../libexec/gcc/riscv64-unknown-elf/10.2.0/liblto_plugin.so -plugin-opt=/opt/riscv64-unknown-elf/bin/../libexec/gcc/riscv64-unknown-elf/10.2.0/lto-wrapper -plugin-opt=-fresolution=/tmp/ccvFGwFY.res -plugin-opt=-pass-through=-lgcc -plugin-opt=-pass-through=-lc -plugin-opt=-pass-through=-lgloss -plugin-opt=-pass-through=-lgcc --sysroot=/opt/riscv64-unknown-elf/bin/../riscv64-unknown-elf -melf64lriscv -o cmTC_dece5 /opt/riscv64-unknown-elf/bin/../lib/gcc/riscv64-unknown-elf/10.2.0/../../../../riscv64-unknown-elf/lib/rv64imafdc_zfh_xtheadc/lp64d/crt0.o /opt/riscv64-unknown-elf/bin/../lib/gcc/riscv64-unknown-elf/10.2.0/rv64imafdc_zfh_xtheadc/lp64d/crtbegin.o -L/opt/riscv64-unknown-elf/bin/../lib/gcc/riscv64-unknown-elf/10.2.0/rv64imafdc_zfh_xtheadc/lp64d -L/opt/riscv64-unknown-elf/bin/../lib/gcc/riscv64-unknown-elf/10.2.0/../../../../riscv64-unknown-elf/lib/rv64imafdc_zfh_xtheadc/lp64d -L/opt/riscv64-unknown-elf/bin/../riscv64-unknown-elf/lib/rv64imafdc_zfh_xtheadc/lp64d -L/opt/riscv64-unknown-elf/bin/../lib/gcc/riscv64-unknown-elf/10.2.0 -L/opt/riscv64-unknown-elf/bin/../lib/gcc -L/opt/riscv64-unknown-elf/bin/../lib/gcc/riscv64-unknown-elf/10.2.0/../../../../riscv64-unknown-elf/lib -L/opt/riscv64-unknown-elf/bin/../riscv64-unknown-elf/lib CMakeFiles/cmTC_dece5.dir/CMakeCCompilerABI.c.obj -lgcc --start-group -lc -lgloss --end-group -lgcc /opt/riscv64-unknown-elf/bin/../lib/gcc/riscv64-unknown-elf/10.2.0/rv64imafdc_zfh_xtheadc/lp64d/crtend.o
COLLECT_GCC_OPTIONS='-v' '-o' 'cmTC_dece5' '-march=rv64gcxthead' '-mabi=lp64d' '-march=rv64imafdc_xtheadc'
gmake[3]: Leaving directory '/home/cjacker/work/opensource-toolchain-bouffalo-lab/triplecore_bl808/helloworld_lp/build/CMakeFiles/CMakeScratch/TryCompile-5LTVMV'
gmake[2]: Leaving directory '/home/cjacker/work/opensource-toolchain-bouffalo-lab/triplecore_bl808/helloworld_lp/build/CMakeFiles/CMakeScratch/TryCompile-5LTVMV'



Parsed C implicit include dir info from above output: rv=done
  found start of include info
  found start of implicit include info
    add: [/opt/riscv64-unknown-elf/bin/../lib/gcc/riscv64-unknown-elf/10.2.0/include]
    add: [/opt/riscv64-unknown-elf/bin/../lib/gcc/riscv64-unknown-elf/10.2.0/include-fixed]
    add: [/opt/riscv64-unknown-elf/bin/../lib/gcc/riscv64-unknown-elf/10.2.0/../../../../riscv64-unknown-elf/include]
  end of search list found
  collapse include dir [/opt/riscv64-unknown-elf/bin/../lib/gcc/riscv64-unknown-elf/10.2.0/include] ==> [/opt/riscv64-unknown-elf/lib/gcc/riscv64-unknown-elf/10.2.0/include]
  collapse include dir [/opt/riscv64-unknown-elf/bin/../lib/gcc/riscv64-unknown-elf/10.2.0/include-fixed] ==> [/opt/riscv64-unknown-elf/lib/gcc/riscv64-unknown-elf/10.2.0/include-fixed]
  collapse include dir [/opt/riscv64-unknown-elf/bin/../lib/gcc/riscv64-unknown-elf/10.2.0/../../../../riscv64-unknown-elf/include] ==> [/opt/riscv64-unknown-elf/riscv64-unknown-elf/include]
  implicit include dirs: [/opt/riscv64-unknown-elf/lib/gcc/riscv64-unknown-elf/10.2.0/include;/opt/riscv64-unknown-elf/lib/gcc/riscv64-unknown-elf/10.2.0/include-fixed;/opt/riscv64-unknown-elf/riscv64-unknown-elf/include]


Parsed C implicit link information from above output:
  link line regex: [^( *|.*[/\])(riscv64-unknown-elf-ld|CMAKE_LINK_STARTFILE-NOTFOUND|([^/\]+-)?ld|collect2)[^/\]*( |$)]
  ignore line: [Change Dir: /home/cjacker/work/opensource-toolchain-bouffalo-lab/triplecore_bl808/helloworld_lp/build/CMakeFiles/CMakeScratch/TryCompile-5LTVMV]
  ignore line: []
  ignore line: [Run Build Command(s):/usr/bin/gmake -f Makefile cmTC_dece5/fast && gmake[2]: Entering directory '/home/cjacker/work/opensource-toolchain-bouffalo-lab/triplecore_bl808/helloworld_lp/build/CMakeFiles/CMakeScratch/TryCompile-5LTVMV']
  ignore line: [/usr/bin/gmake  -f CMakeFiles/cmTC_dece5.dir/build.make CMakeFiles/cmTC_dece5.dir/build]
  ignore line: [gmake[3]: Entering directory '/home/cjacker/work/opensource-toolchain-bouffalo-lab/triplecore_bl808/helloworld_lp/build/CMakeFiles/CMakeScratch/TryCompile-5LTVMV']
  ignore line: [Building C object CMakeFiles/cmTC_dece5.dir/CMakeCCompilerABI.c.obj]
  ignore line: [/opt/riscv64-unknown-elf/bin/riscv64-unknown-elf-gcc   -v -o CMakeFiles/cmTC_dece5.dir/CMakeCCompilerABI.c.obj -c /home/cjacker/bl_mcu_sdk/tools/cmake/share/cmake-3.25/Modules/CMakeCCompilerABI.c]
  ignore line: [Using built-in specs.]
  ignore line: [COLLECT_GCC=/opt/riscv64-unknown-elf/bin/riscv64-unknown-elf-gcc]
  ignore line: [Target: riscv64-unknown-elf]
  ignore line: [Configured with: /mnt/ssd/jenkins_iotsw/slave/workspace/Toolchain/build-gnu-riscv/./source/riscv/riscv-gcc/configure --target=riscv64-unknown-elf --with-gmp=/mnt/ssd/jenkins_iotsw/slave/workspace/Toolchain/build-gnu-riscv/build-gcc-riscv64-unknown-elf/build-Xuantie-900-gcc-elf-newlib-x86_64-V2.6.1/lib-for-gcc-x86_64-linux --with-mpfr=/mnt/ssd/jenkins_iotsw/slave/workspace/Toolchain/build-gnu-riscv/build-gcc-riscv64-unknown-elf/build-Xuantie-900-gcc-elf-newlib-x86_64-V2.6.1/lib-for-gcc-x86_64-linux --with-mpc=/mnt/ssd/jenkins_iotsw/slave/workspace/Toolchain/build-gnu-riscv/build-gcc-riscv64-unknown-elf/build-Xuantie-900-gcc-elf-newlib-x86_64-V2.6.1/lib-for-gcc-x86_64-linux --with-libexpat-prefix=/mnt/ssd/jenkins_iotsw/slave/workspace/Toolchain/build-gnu-riscv/build-gcc-riscv64-unknown-elf/build-Xuantie-900-gcc-elf-newlib-x86_64-V2.6.1/lib-for-gcc-x86_64-linux --with-libmpfr-prefix=/mnt/ssd/jenkins_iotsw/slave/workspace/Toolchain/build-gnu-riscv/build-gcc-riscv64-unknown-elf/build-Xuantie-900-gcc-elf-newlib-x86_64-V2.6.1/lib-for-gcc-x86_64-linux --with-pkgversion='Xuantie-900 elf newlib gcc Toolchain V2.6.1 B-20220906' CXXFLAGS='-g -O2 -DTHEAD_VERSION_NUMBER=2.6.1 ' --enable-libgcctf --prefix=/mnt/ssd/jenkins_iotsw/slave/workspace/Toolchain/build-gnu-riscv/build-gcc-riscv64-unknown-elf/Xuantie-900-gcc-elf-newlib-x86_64-V2.6.1 --disable-shared --enable-threads=posix --enable-languages=c c++ --with-system-zlib --enable-tls --with-newlib --with-sysroot=/mnt/ssd/jenkins_iotsw/slave/workspace/Toolchain/build-gnu-riscv/build-gcc-riscv64-unknown-elf/Xuantie-900-gcc-elf-newlib-x86_64-V2.6.1/riscv64-unknown-elf --with-native-system-header-dir=/include --disable-libmudflap --disable-libssp --disable-libquadmath --disable-libgomp --disable-nls --disable-tm-clone-registry --src=/mnt/ssd/jenkins_iotsw/slave/workspace/Toolchain/build-gnu-riscv/./source/riscv/riscv-gcc --enable-multilib --with-abi=lp64d --with-arch=rv64gcxthead 'CFLAGS_FOR_TARGET=-Os   -mcmodel=medany' 'CXXFLAGS_FOR_TARGET=-Os   -mcmodel=medany']
  ignore line: [Thread model: posix]
  ignore line: [Supported LTO compression algorithms: zlib]
  ignore line: [gcc version 10.2.0 (Xuantie-900 elf newlib gcc Toolchain V2.6.1 B-20220906) ]
  ignore line: [COLLECT_GCC_OPTIONS='-v' '-o' 'CMakeFiles/cmTC_dece5.dir/CMakeCCompilerABI.c.obj' '-c' '-march=rv64gcxthead' '-mabi=lp64d' '-march=rv64imafdc_xtheadc']
  ignore line: [ /opt/riscv64-unknown-elf/bin/../libexec/gcc/riscv64-unknown-elf/10.2.0/cc1 -quiet -v -imultilib rv64imafdc_zfh_xtheadc/lp64d -iprefix /opt/riscv64-unknown-elf/bin/../lib/gcc/riscv64-unknown-elf/10.2.0/ -isysroot /opt/riscv64-unknown-elf/bin/../riscv64-unknown-elf /home/cjacker/bl_mcu_sdk/tools/cmake/share/cmake-3.25/Modules/CMakeCCompilerABI.c -quiet -dumpbase CMakeCCompilerABI.c -march=rv64gcxthead -mabi=lp64d -march=rv64imafdc_xtheadc -auxbase-strip CMakeFiles/cmTC_dece5.dir/CMakeCCompilerABI.c.obj -version -o /tmp/ccG2yT5T.s]
  ignore line: [GNU C17 (Xuantie-900 elf newlib gcc Toolchain V2.6.1 B-20220906) version 10.2.0 (riscv64-unknown-elf)]
  ignore line: [	compiled by GNU C version 6.4.0  GMP version 6.2.0  MPFR version 4.0.2  MPC version 1.1.0  isl version none]
  ignore line: [GGC heuristics: --param ggc-min-expand=100 --param ggc-min-heapsize=131072]
  ignore line: [ignoring duplicate directory "/opt/riscv64-unknown-elf/bin/../lib/gcc/../../lib/gcc/riscv64-unknown-elf/10.2.0/include"]
  ignore line: [ignoring nonexistent directory "/opt/riscv64-unknown-elf/bin/../riscv64-unknown-elf/usr/local/include"]
  ignore line: [ignoring duplicate directory "/opt/riscv64-unknown-elf/bin/../lib/gcc/../../lib/gcc/riscv64-unknown-elf/10.2.0/include-fixed"]
  ignore line: [ignoring duplicate directory "/opt/riscv64-unknown-elf/bin/../lib/gcc/../../lib/gcc/riscv64-unknown-elf/10.2.0/../../../../riscv64-unknown-elf/include"]
  ignore line: [ignoring duplicate directory "/opt/riscv64-unknown-elf/bin/../riscv64-unknown-elf/include"]
  ignore line: [#include "..." search starts here:]
  ignore line: [#include <...> search starts here:]
  ignore line: [ /opt/riscv64-unknown-elf/bin/../lib/gcc/riscv64-unknown-elf/10.2.0/include]
  ignore line: [ /opt/riscv64-unknown-elf/bin/../lib/gcc/riscv64-unknown-elf/10.2.0/include-fixed]
  ignore line: [ /opt/riscv64-unknown-elf/bin/../lib/gcc/riscv64-unknown-elf/10.2.0/../../../../riscv64-unknown-elf/include]
  ignore line: [End of search list.]
  ignore line: [GNU C17 (Xuantie-900 elf newlib gcc Toolchain V2.6.1 B-20220906) version 10.2.0 (riscv64-unknown-elf)]
  ignore line: [	compiled by GNU C version 6.4.0  GMP version 6.2.0  MPFR version 4.0.2  MPC version 1.1.0  isl version none]
  ignore line: [GGC heuristics: --param ggc-min-expand=100 --param ggc-min-heapsize=131072]
  ignore line: [Compiler executable checksum: d4902f1ec543c8b1ce8bb3832d5a3c2b]
  ignore line: [COLLECT_GCC_OPTIONS='-v' '-o' 'CMakeFiles/cmTC_dece5.dir/CMakeCCompilerABI.c.obj' '-c' '-march=rv64gcxthead' '-mabi=lp64d' '-march=rv64imafdc_xtheadc']
  ignore line: [ /opt/riscv64-unknown-elf/bin/../lib/gcc/riscv64-unknown-elf/10.2.0/../../../../riscv64-unknown-elf/bin/as -v --traditional-format -march=rv64gcxthead -march=rv64imafdc_xtheadc -mabi=lp64d -o CMakeFiles/cmTC_dece5.dir/CMakeCCompilerABI.c.obj /tmp/ccG2yT5T.s]
  ignore line: [GNU assembler version 2.35 (riscv64-unknown-elf) using BFD version (GNU Binutils) 2.35]
  ignore line: [COMPILER_PATH=/opt/riscv64-unknown-elf/bin/../libexec/gcc/riscv64-unknown-elf/10.2.0/:/opt/riscv64-unknown-elf/bin/../libexec/gcc/:/opt/riscv64-unknown-elf/bin/../lib/gcc/riscv64-unknown-elf/10.2.0/../../../../riscv64-unknown-elf/bin/]
  ignore line: [LIBRARY_PATH=/opt/riscv64-unknown-elf/bin/../lib/gcc/riscv64-unknown-elf/10.2.0/rv64imafdc_zfh_xtheadc/lp64d/:/opt/riscv64-unknown-elf/bin/../lib/gcc/riscv64-unknown-elf/10.2.0/../../../../riscv64-unknown-elf/lib/rv64imafdc_zfh_xtheadc/lp64d/:/opt/riscv64-unknown-elf/bin/../riscv64-unknown-elf/lib/rv64imafdc_zfh_xtheadc/lp64d/:/opt/riscv64-unknown-elf/bin/../lib/gcc/riscv64-unknown-elf/10.2.0/:/opt/riscv64-unknown-elf/bin/../lib/gcc/:/opt/riscv64-unknown-elf/bin/../lib/gcc/riscv64-unknown-elf/10.2.0/../../../../riscv64-unknown-elf/lib/:/opt/riscv64-unknown-elf/bin/../riscv64-unknown-elf/lib/]
  ignore line: [COLLECT_GCC_OPTIONS='-v' '-o' 'CMakeFiles/cmTC_dece5.dir/CMakeCCompilerABI.c.obj' '-c' '-march=rv64gcxthead' '-mabi=lp64d' '-march=rv64imafdc_xtheadc']
  ignore line: [Linking C executable cmTC_dece5]
  ignore line: [/home/cjacker/bl_mcu_sdk/tools/cmake/bin/cmake -E cmake_link_script CMakeFiles/cmTC_dece5.dir/link.txt --verbose=1]
  ignore line: [/opt/riscv64-unknown-elf/bin/riscv64-unknown-elf-gcc  -v CMakeFiles/cmTC_dece5.dir/CMakeCCompilerABI.c.obj -o cmTC_dece5 ]
  ignore line: [Using built-in specs.]
  ignore line: [COLLECT_GCC=/opt/riscv64-unknown-elf/bin/riscv64-unknown-elf-gcc]
  ignore line: [COLLECT_LTO_WRAPPER=/opt/riscv64-unknown-elf/bin/../libexec/gcc/riscv64-unknown-elf/10.2.0/lto-wrapper]
  ignore line: [Target: riscv64-unknown-elf]
  ignore line: [Configured with: /mnt/ssd/jenkins_iotsw/slave/workspace/Toolchain/build-gnu-riscv/./source/riscv/riscv-gcc/configure --target=riscv64-unknown-elf --with-gmp=/mnt/ssd/jenkins_iotsw/slave/workspace/Toolchain/build-gnu-riscv/build-gcc-riscv64-unknown-elf/build-Xuantie-900-gcc-elf-newlib-x86_64-V2.6.1/lib-for-gcc-x86_64-linux --with-mpfr=/mnt/ssd/jenkins_iotsw/slave/workspace/Toolchain/build-gnu-riscv/build-gcc-riscv64-unknown-elf/build-Xuantie-900-gcc-elf-newlib-x86_64-V2.6.1/lib-for-gcc-x86_64-linux --with-mpc=/mnt/ssd/jenkins_iotsw/slave/workspace/Toolchain/build-gnu-riscv/build-gcc-riscv64-unknown-elf/build-Xuantie-900-gcc-elf-newlib-x86_64-V2.6.1/lib-for-gcc-x86_64-linux --with-libexpat-prefix=/mnt/ssd/jenkins_iotsw/slave/workspace/Toolchain/build-gnu-riscv/build-gcc-riscv64-unknown-elf/build-Xuantie-900-gcc-elf-newlib-x86_64-V2.6.1/lib-for-gcc-x86_64-linux --with-libmpfr-prefix=/mnt/ssd/jenkins_iotsw/slave/workspace/Toolchain/build-gnu-riscv/build-gcc-riscv64-unknown-elf/build-Xuantie-900-gcc-elf-newlib-x86_64-V2.6.1/lib-for-gcc-x86_64-linux --with-pkgversion='Xuantie-900 elf newlib gcc Toolchain V2.6.1 B-20220906' CXXFLAGS='-g -O2 -DTHEAD_VERSION_NUMBER=2.6.1 ' --enable-libgcctf --prefix=/mnt/ssd/jenkins_iotsw/slave/workspace/Toolchain/build-gnu-riscv/build-gcc-riscv64-unknown-elf/Xuantie-900-gcc-elf-newlib-x86_64-V2.6.1 --disable-shared --enable-threads=posix --enable-languages=c c++ --with-system-zlib --enable-tls --with-newlib --with-sysroot=/mnt/ssd/jenkins_iotsw/slave/workspace/Toolchain/build-gnu-riscv/build-gcc-riscv64-unknown-elf/Xuantie-900-gcc-elf-newlib-x86_64-V2.6.1/riscv64-unknown-elf --with-native-system-header-dir=/include --disable-libmudflap --disable-libssp --disable-libquadmath --disable-libgomp --disable-nls --disable-tm-clone-registry --src=/mnt/ssd/jenkins_iotsw/slave/workspace/Toolchain/build-gnu-riscv/./source/riscv/riscv-gcc --enable-multilib --with-abi=lp64d --with-arch=rv64gcxthead 'CFLAGS_FOR_TARGET=-Os   -mcmodel=medany' 'CXXFLAGS_FOR_TARGET=-Os   -mcmodel=medany']
  ignore line: [Thread model: posix]
  ignore line: [Supported LTO compression algorithms: zlib]
  ignore line: [gcc version 10.2.0 (Xuantie-900 elf newlib gcc Toolchain V2.6.1 B-20220906) ]
  ignore line: [COMPILER_PATH=/opt/riscv64-unknown-elf/bin/../libexec/gcc/riscv64-unknown-elf/10.2.0/:/opt/riscv64-unknown-elf/bin/../libexec/gcc/:/opt/riscv64-unknown-elf/bin/../lib/gcc/riscv64-unknown-elf/10.2.0/../../../../riscv64-unknown-elf/bin/]
  ignore line: [LIBRARY_PATH=/opt/riscv64-unknown-elf/bin/../lib/gcc/riscv64-unknown-elf/10.2.0/rv64imafdc_zfh_xtheadc/lp64d/:/opt/riscv64-unknown-elf/bin/../lib/gcc/riscv64-unknown-elf/10.2.0/../../../../riscv64-unknown-elf/lib/rv64imafdc_zfh_xtheadc/lp64d/:/opt/riscv64-unknown-elf/bin/../riscv64-unknown-elf/lib/rv64imafdc_zfh_xtheadc/lp64d/:/opt/riscv64-unknown-elf/bin/../lib/gcc/riscv64-unknown-elf/10.2.0/:/opt/riscv64-unknown-elf/bin/../lib/gcc/:/opt/riscv64-unknown-elf/bin/../lib/gcc/riscv64-unknown-elf/10.2.0/../../../../riscv64-unknown-elf/lib/:/opt/riscv64-unknown-elf/bin/../riscv64-unknown-elf/lib/]
  ignore line: [COLLECT_GCC_OPTIONS='-v' '-o' 'cmTC_dece5' '-march=rv64gcxthead' '-mabi=lp64d' '-march=rv64imafdc_xtheadc']
  link line: [ /opt/riscv64-unknown-elf/bin/../libexec/gcc/riscv64-unknown-elf/10.2.0/collect2 -plugin /opt/riscv64-unknown-elf/bin/../libexec/gcc/riscv64-unknown-elf/10.2.0/liblto_plugin.so -plugin-opt=/opt/riscv64-unknown-elf/bin/../libexec/gcc/riscv64-unknown-elf/10.2.0/lto-wrapper -plugin-opt=-fresolution=/tmp/ccvFGwFY.res -plugin-opt=-pass-through=-lgcc -plugin-opt=-pass-through=-lc -plugin-opt=-pass-through=-lgloss -plugin-opt=-pass-through=-lgcc --sysroot=/opt/riscv64-unknown-elf/bin/../riscv64-unknown-elf -melf64lriscv -o cmTC_dece5 /opt/riscv64-unknown-elf/bin/../lib/gcc/riscv64-unknown-elf/10.2.0/../../../../riscv64-unknown-elf/lib/rv64imafdc_zfh_xtheadc/lp64d/crt0.o /opt/riscv64-unknown-elf/bin/../lib/gcc/riscv64-unknown-elf/10.2.0/rv64imafdc_zfh_xtheadc/lp64d/crtbegin.o -L/opt/riscv64-unknown-elf/bin/../lib/gcc/riscv64-unknown-elf/10.2.0/rv64imafdc_zfh_xtheadc/lp64d -L/opt/riscv64-unknown-elf/bin/../lib/gcc/riscv64-unknown-elf/10.2.0/../../../../riscv64-unknown-elf/lib/rv64imafdc_zfh_xtheadc/lp64d -L/opt/riscv64-unknown-elf/bin/../riscv64-unknown-elf/lib/rv64imafdc_zfh_xtheadc/lp64d -L/opt/riscv64-unknown-elf/bin/../lib/gcc/riscv64-unknown-elf/10.2.0 -L/opt/riscv64-unknown-elf/bin/../lib/gcc -L/opt/riscv64-unknown-elf/bin/../lib/gcc/riscv64-unknown-elf/10.2.0/../../../../riscv64-unknown-elf/lib -L/opt/riscv64-unknown-elf/bin/../riscv64-unknown-elf/lib CMakeFiles/cmTC_dece5.dir/CMakeCCompilerABI.c.obj -lgcc --start-group -lc -lgloss --end-group -lgcc /opt/riscv64-unknown-elf/bin/../lib/gcc/riscv64-unknown-elf/10.2.0/rv64imafdc_zfh_xtheadc/lp64d/crtend.o]
    arg [/opt/riscv64-unknown-elf/bin/../libexec/gcc/riscv64-unknown-elf/10.2.0/collect2] ==> ignore
    arg [-plugin] ==> ignore
    arg [/opt/riscv64-unknown-elf/bin/../libexec/gcc/riscv64-unknown-elf/10.2.0/liblto_plugin.so] ==> ignore
    arg [-plugin-opt=/opt/riscv64-unknown-elf/bin/../libexec/gcc/riscv64-unknown-elf/10.2.0/lto-wrapper] ==> ignore
    arg [-plugin-opt=-fresolution=/tmp/ccvFGwFY.res] ==> ignore
    arg [-plugin-opt=-pass-through=-lgcc] ==> ignore
    arg [-plugin-opt=-pass-through=-lc] ==> ignore
    arg [-plugin-opt=-pass-through=-lgloss] ==> ignore
    arg [-plugin-opt=-pass-through=-lgcc] ==> ignore
    arg [--sysroot=/opt/riscv64-unknown-elf/bin/../riscv64-unknown-elf] ==> ignore
    arg [-melf64lriscv] ==> ignore
    arg [-o] ==> ignore
    arg [cmTC_dece5] ==> ignore
    arg [/opt/riscv64-unknown-elf/bin/../lib/gcc/riscv64-unknown-elf/10.2.0/../../../../riscv64-unknown-elf/lib/rv64imafdc_zfh_xtheadc/lp64d/crt0.o] ==> obj [/opt/riscv64-unknown-elf/bin/../lib/gcc/riscv64-unknown-elf/10.2.0/../../../../riscv64-unknown-elf/lib/rv64imafdc_zfh_xtheadc/lp64d/crt0.o]
    arg [/opt/riscv64-unknown-elf/bin/../lib/gcc/riscv64-unknown-elf/10.2.0/rv64imafdc_zfh_xtheadc/lp64d/crtbegin.o] ==> obj [/opt/riscv64-unknown-elf/bin/../lib/gcc/riscv64-unknown-elf/10.2.0/rv64imafdc_zfh_xtheadc/lp64d/crtbegin.o]
    arg [-L/opt/riscv64-unknown-elf/bin/../lib/gcc/riscv64-unknown-elf/10.2.0/rv64imafdc_zfh_xtheadc/lp64d] ==> dir [/opt/riscv64-unknown-elf/bin/../lib/gcc/riscv64-unknown-elf/10.2.0/rv64imafdc_zfh_xtheadc/lp64d]
    arg [-L/opt/riscv64-unknown-elf/bin/../lib/gcc/riscv64-unknown-elf/10.2.0/../../../../riscv64-unknown-elf/lib/rv64imafdc_zfh_xtheadc/lp64d] ==> dir [/opt/riscv64-unknown-elf/bin/../lib/gcc/riscv64-unknown-elf/10.2.0/../../../../riscv64-unknown-elf/lib/rv64imafdc_zfh_xtheadc/lp64d]
    arg [-L/opt/riscv64-unknown-elf/bin/../riscv64-unknown-elf/lib/rv64imafdc_zfh_xtheadc/lp64d] ==> dir [/opt/riscv64-unknown-elf/bin/../riscv64-unknown-elf/lib/rv64imafdc_zfh_xtheadc/lp64d]
    arg [-L/opt/riscv64-unknown-elf/bin/../lib/gcc/riscv64-unknown-elf/10.2.0] ==> dir [/opt/riscv64-unknown-elf/bin/../lib/gcc/riscv64-unknown-elf/10.2.0]
    arg [-L/opt/riscv64-unknown-elf/bin/../lib/gcc] ==> dir [/opt/riscv64-unknown-elf/bin/../lib/gcc]
    arg [-L/opt/riscv64-unknown-elf/bin/../lib/gcc/riscv64-unknown-elf/10.2.0/../../../../riscv64-unknown-elf/lib] ==> dir [/opt/riscv64-unknown-elf/bin/../lib/gcc/riscv64-unknown-elf/10.2.0/../../../../riscv64-unknown-elf/lib]
    arg [-L/opt/riscv64-unknown-elf/bin/../riscv64-unknown-elf/lib] ==> dir [/opt/riscv64-unknown-elf/bin/../riscv64-unknown-elf/lib]
    arg [CMakeFiles/cmTC_dece5.dir/CMakeCCompilerABI.c.obj] ==> ignore
    arg [-lgcc] ==> lib [gcc]
    arg [--start-group] ==> ignore
    arg [-lc] ==> lib [c]
    arg [-lgloss] ==> lib [gloss]
    arg [--end-group] ==> ignore
    arg [-lgcc] ==> lib [gcc]
    arg [/opt/riscv64-unknown-elf/bin/../lib/gcc/riscv64-unknown-elf/10.2.0/rv64imafdc_zfh_xtheadc/lp64d/crtend.o] ==> obj [/opt/riscv64-unknown-elf/bin/../lib/gcc/riscv64-unknown-elf/10.2.0/rv64imafdc_zfh_xtheadc/lp64d/crtend.o]
  collapse obj [/opt/riscv64-unknown-elf/bin/../lib/gcc/riscv64-unknown-elf/10.2.0/../../../../riscv64-unknown-elf/lib/rv64imafdc_zfh_xtheadc/lp64d/crt0.o] ==> [/opt/riscv64-unknown-elf/riscv64-unknown-elf/lib/rv64imafdc_zfh_xtheadc/lp64d/crt0.o]
  collapse obj [/opt/riscv64-unknown-elf/bin/../lib/gcc/riscv64-unknown-elf/10.2.0/rv64imafdc_zfh_xtheadc/lp64d/crtbegin.o] ==> [/opt/riscv64-unknown-elf/lib/gcc/riscv64-unknown-elf/10.2.0/rv64imafdc_zfh_xtheadc/lp64d/crtbegin.o]
  collapse obj [/opt/riscv64-unknown-elf/bin/../lib/gcc/riscv64-unknown-elf/10.2.0/rv64imafdc_zfh_xtheadc/lp64d/crtend.o] ==> [/opt/riscv64-unknown-elf/lib/gcc/riscv64-unknown-elf/10.2.0/rv64imafdc_zfh_xtheadc/lp64d/crtend.o]
  collapse library dir [/opt/riscv64-unknown-elf/bin/../lib/gcc/riscv64-unknown-elf/10.2.0/rv64imafdc_zfh_xtheadc/lp64d] ==> [/opt/riscv64-unknown-elf/lib/gcc/riscv64-unknown-elf/10.2.0/rv64imafdc_zfh_xtheadc/lp64d]
  collapse library dir [/opt/riscv64-unknown-elf/bin/../lib/gcc/riscv64-unknown-elf/10.2.0/../../../../riscv64-unknown-elf/lib/rv64imafdc_zfh_xtheadc/lp64d] ==> [/opt/riscv64-unknown-elf/riscv64-unknown-elf/lib/rv64imafdc_zfh_xtheadc/lp64d]
  collapse library dir [/opt/riscv64-unknown-elf/bin/../riscv64-unknown-elf/lib/rv64imafdc_zfh_xtheadc/lp64d] ==> [/opt/riscv64-unknown-elf/riscv64-unknown-elf/lib/rv64imafdc_zfh_xtheadc/lp64d]
  collapse library dir [/opt/riscv64-unknown-elf/bin/../lib/gcc/riscv64-unknown-elf/10.2.0] ==> [/opt/riscv64-unknown-elf/lib/gcc/riscv64-unknown-elf/10.2.0]
  collapse library dir [/opt/riscv64-unknown-elf/bin/../lib/gcc] ==> [/opt/riscv64-unknown-elf/lib/gcc]
  collapse library dir [/opt/riscv64-unknown-elf/bin/../lib/gcc/riscv64-unknown-elf/10.2.0/../../../../riscv64-unknown-elf/lib] ==> [/opt/riscv64-unknown-elf/riscv64-unknown-elf/lib]
  collapse library dir [/opt/riscv64-unknown-elf/bin/../riscv64-unknown-elf/lib] ==> [/opt/riscv64-unknown-elf/riscv64-unknown-elf/lib]
  implicit libs: [gcc;c;gloss;gcc]
  implicit objs: [/opt/riscv64-unknown-elf/riscv64-unknown-elf/lib/rv64imafdc_zfh_xtheadc/lp64d/crt0.o;/opt/riscv64-unknown-elf/lib/gcc/riscv64-unknown-elf/10.2.0/rv64imafdc_zfh_xtheadc/lp64d/crtbegin.o;/opt/riscv64-unknown-elf/lib/gcc/riscv64-unknown-elf/10.2.0/rv64imafdc_zfh_xtheadc/lp64d/crtend.o]
  implicit dirs: [/opt/riscv64-unknown-elf/lib/gcc/riscv64-unknown-elf/10.2.0/rv64imafdc_zfh_xtheadc/lp64d;/opt/riscv64-unknown-elf/riscv64-unknown-elf/lib/rv64imafdc_zfh_xtheadc/lp64d;/opt/riscv64-unknown-elf/lib/gcc/riscv64-unknown-elf/10.2.0;/opt/riscv64-unknown-elf/lib/gcc;/opt/riscv64-unknown-elf/riscv64-unknown-elf/lib]
  implicit fwks: []


Detecting CXX compiler ABI info compiled with the following output:
Change Dir: /home/cjacker/work/opensource-toolchain-bouffalo-lab/triplecore_bl808/helloworld_lp/build/CMakeFiles/CMakeScratch/TryCompile-Az9z55

Run Build Command(s):/usr/bin/gmake -f Makefile cmTC_79a56/fast && gmake[2]: Entering directory '/home/cjacker/work/opensource-toolchain-bouffalo-lab/triplecore_bl808/helloworld_lp/build/CMakeFiles/CMakeScratch/TryCompile-Az9z55'
/usr/bin/gmake  -f CMakeFiles/cmTC_79a56.dir/build.make CMakeFiles/cmTC_79a56.dir/build
gmake[3]: Entering directory '/home/cjacker/work/opensource-toolchain-bouffalo-lab/triplecore_bl808/helloworld_lp/build/CMakeFiles/CMakeScratch/TryCompile-Az9z55'
Building CXX object CMakeFiles/cmTC_79a56.dir/CMakeCXXCompilerABI.cpp.obj
/opt/riscv64-unknown-elf/bin/riscv64-unknown-elf-g++   -v -o CMakeFiles/cmTC_79a56.dir/CMakeCXXCompilerABI.cpp.obj -c /home/cjacker/bl_mcu_sdk/tools/cmake/share/cmake-3.25/Modules/CMakeCXXCompilerABI.cpp
Using built-in specs.
COLLECT_GCC=/opt/riscv64-unknown-elf/bin/riscv64-unknown-elf-g++
Target: riscv64-unknown-elf
Configured with: /mnt/ssd/jenkins_iotsw/slave/workspace/Toolchain/build-gnu-riscv/./source/riscv/riscv-gcc/configure --target=riscv64-unknown-elf --with-gmp=/mnt/ssd/jenkins_iotsw/slave/workspace/Toolchain/build-gnu-riscv/build-gcc-riscv64-unknown-elf/build-Xuantie-900-gcc-elf-newlib-x86_64-V2.6.1/lib-for-gcc-x86_64-linux --with-mpfr=/mnt/ssd/jenkins_iotsw/slave/workspace/Toolchain/build-gnu-riscv/build-gcc-riscv64-unknown-elf/build-Xuantie-900-gcc-elf-newlib-x86_64-V2.6.1/lib-for-gcc-x86_64-linux --with-mpc=/mnt/ssd/jenkins_iotsw/slave/workspace/Toolchain/build-gnu-riscv/build-gcc-riscv64-unknown-elf/build-Xuantie-900-gcc-elf-newlib-x86_64-V2.6.1/lib-for-gcc-x86_64-linux --with-libexpat-prefix=/mnt/ssd/jenkins_iotsw/slave/workspace/Toolchain/build-gnu-riscv/build-gcc-riscv64-unknown-elf/build-Xuantie-900-gcc-elf-newlib-x86_64-V2.6.1/lib-for-gcc-x86_64-linux --with-libmpfr-prefix=/mnt/ssd/jenkins_iotsw/slave/workspace/Toolchain/build-gnu-riscv/build-gcc-riscv64-unknown-elf/build-Xuantie-900-gcc-elf-newlib-x86_64-V2.6.1/lib-for-gcc-x86_64-linux --with-pkgversion='Xuantie-900 elf newlib gcc Toolchain V2.6.1 B-20220906' CXXFLAGS='-g -O2 -DTHEAD_VERSION_NUMBER=2.6.1 ' --enable-libgcctf --prefix=/mnt/ssd/jenkins_iotsw/slave/workspace/Toolchain/build-gnu-riscv/build-gcc-riscv64-unknown-elf/Xuantie-900-gcc-elf-newlib-x86_64-V2.6.1 --disable-shared --enable-threads=posix --enable-languages=c,c++ --with-system-zlib --enable-tls --with-newlib --with-sysroot=/mnt/ssd/jenkins_iotsw/slave/workspace/Toolchain/build-gnu-riscv/build-gcc-riscv64-unknown-elf/Xuantie-900-gcc-elf-newlib-x86_64-V2.6.1/riscv64-unknown-elf --with-native-system-header-dir=/include --disable-libmudflap --disable-libssp --disable-libquadmath --disable-libgomp --disable-nls --disable-tm-clone-registry --src=/mnt/ssd/jenkins_iotsw/slave/workspace/Toolchain/build-gnu-riscv/./source/riscv/riscv-gcc --enable-multilib --with-abi=lp64d --with-arch=rv64gcxthead 'CFLAGS_FOR_TARGET=-Os   -mcmodel=medany' 'CXXFLAGS_FOR_TARGET=-Os   -mcmodel=medany'
Thread model: posix
Supported LTO compression algorithms: zlib
gcc version 10.2.0 (Xuantie-900 elf newlib gcc Toolchain V2.6.1 B-20220906) 
COLLECT_GCC_OPTIONS='-v' '-o' 'CMakeFiles/cmTC_79a56.dir/CMakeCXXCompilerABI.cpp.obj' '-c' '-march=rv64gcxthead' '-mabi=lp64d' '-march=rv64imafdc_xtheadc'
 /opt/riscv64-unknown-elf/bin/../libexec/gcc/riscv64-unknown-elf/10.2.0/cc1plus -quiet -v -imultilib rv64imafdc_zfh_xtheadc/lp64d -iprefix /opt/riscv64-unknown-elf/bin/../lib/gcc/riscv64-unknown-elf/10.2.0/ -isysroot /opt/riscv64-unknown-elf/bin/../riscv64-unknown-elf /home/cjacker/bl_mcu_sdk/tools/cmake/share/cmake-3.25/Modules/CMakeCXXCompilerABI.cpp -quiet -dumpbase CMakeCXXCompilerABI.cpp -march=rv64gcxthead -mabi=lp64d -march=rv64imafdc_xtheadc -auxbase-strip CMakeFiles/cmTC_79a56.dir/CMakeCXXCompilerABI.cpp.obj -version -o /tmp/ccBNjbc2.s
GNU C++14 (Xuantie-900 elf newlib gcc Toolchain V2.6.1 B-20220906) version 10.2.0 (riscv64-unknown-elf)
	compiled by GNU C version 6.4.0, GMP version 6.2.0, MPFR version 4.0.2, MPC version 1.1.0, isl version none
GGC heuristics: --param ggc-min-expand=100 --param ggc-min-heapsize=131072
ignoring duplicate directory "/opt/riscv64-unknown-elf/bin/../lib/gcc/../../lib/gcc/riscv64-unknown-elf/10.2.0/../../../../riscv64-unknown-elf/include/c++/10.2.0"
ignoring duplicate directory "/opt/riscv64-unknown-elf/bin/../lib/gcc/../../lib/gcc/riscv64-unknown-elf/10.2.0/../../../../riscv64-unknown-elf/include/c++/10.2.0/riscv64-unknown-elf/rv64imafdc_zfh_xtheadc/lp64d"
ignoring duplicate directory "/opt/riscv64-unknown-elf/bin/../lib/gcc/../../lib/gcc/riscv64-unknown-elf/10.2.0/../../../../riscv64-unknown-elf/include/c++/10.2.0/backward"
ignoring duplicate directory "/opt/riscv64-unknown-elf/bin/../lib/gcc/../../lib/gcc/riscv64-unknown-elf/10.2.0/include"
ignoring nonexistent directory "/opt/riscv64-unknown-elf/bin/../riscv64-unknown-elf/usr/local/include"
ignoring duplicate directory "/opt/riscv64-unknown-elf/bin/../lib/gcc/../../lib/gcc/riscv64-unknown-elf/10.2.0/include-fixed"
ignoring duplicate directory "/opt/riscv64-unknown-elf/bin/../lib/gcc/../../lib/gcc/riscv64-unknown-elf/10.2.0/../../../../riscv64-unknown-elf/include"
ignoring duplicate directory "/opt/riscv64-unknown-elf/bin/../riscv64-unknown-elf/include"
#include "..." search starts here:
#include <...> search starts here:
 /opt/riscv64-unknown-elf/bin/../lib/gcc/riscv64-unknown-elf/10.2.0/../../../../riscv64-unknown-elf/include/c++/10.2.0
 /opt/riscv64-unknown-elf/bin/../lib/gcc/riscv64-unknown-elf/10.2.0/../../../../riscv64-unknown-elf/include/c++/10.2.0/riscv64-unknown-elf/rv64imafdc_zfh_xtheadc/lp64d
 /opt/riscv64-unknown-elf/bin/../lib/gcc/riscv64-unknown-elf/10.2.0/../../../../riscv64-unknown-elf/include/c++/10.2.0/backward
 /opt/riscv64-unknown-elf/bin/../lib/gcc/riscv64-unknown-elf/10.2.0/include
 /opt/riscv64-unknown-elf/bin/../lib/gcc/riscv64-unknown-elf/10.2.0/include-fixed
 /opt/riscv64-unknown-elf/bin/../lib/gcc/riscv64-unknown-elf/10.2.0/../../../../riscv64-unknown-elf/include
End of search list.
GNU C++14 (Xuantie-900 elf newlib gcc Toolchain V2.6.1 B-20220906) version 10.2.0 (riscv64-unknown-elf)
	compiled by GNU C version 6.4.0, GMP version 6.2.0, MPFR version 4.0.2, MPC version 1.1.0, isl version none
GGC heuristics: --param ggc-min-expand=100 --param ggc-min-heapsize=131072
Compiler executable checksum: f924dbd000ee9bf599eef29c1965e72d
COLLECT_GCC_OPTIONS='-v' '-o' 'CMakeFiles/cmTC_79a56.dir/CMakeCXXCompilerABI.cpp.obj' '-c' '-march=rv64gcxthead' '-mabi=lp64d' '-march=rv64imafdc_xtheadc'
 /opt/riscv64-unknown-elf/bin/../lib/gcc/riscv64-unknown-elf/10.2.0/../../../../riscv64-unknown-elf/bin/as -v --traditional-format -march=rv64gcxthead -march=rv64imafdc_xtheadc -mabi=lp64d -o CMakeFiles/cmTC_79a56.dir/CMakeCXXCompilerABI.cpp.obj /tmp/ccBNjbc2.s
GNU assembler version 2.35 (riscv64-unknown-elf) using BFD version (GNU Binutils) 2.35
COMPILER_PATH=/opt/riscv64-unknown-elf/bin/../libexec/gcc/riscv64-unknown-elf/10.2.0/:/opt/riscv64-unknown-elf/bin/../libexec/gcc/:/opt/riscv64-unknown-elf/bin/../lib/gcc/riscv64-unknown-elf/10.2.0/../../../../riscv64-unknown-elf/bin/
LIBRARY_PATH=/opt/riscv64-unknown-elf/bin/../lib/gcc/riscv64-unknown-elf/10.2.0/rv64imafdc_zfh_xtheadc/lp64d/:/opt/riscv64-unknown-elf/bin/../lib/gcc/riscv64-unknown-elf/10.2.0/../../../../riscv64-unknown-elf/lib/rv64imafdc_zfh_xtheadc/lp64d/:/opt/riscv64-unknown-elf/bin/../riscv64-unknown-elf/lib/rv64imafdc_zfh_xtheadc/lp64d/:/opt/riscv64-unknown-elf/bin/../lib/gcc/riscv64-unknown-elf/10.2.0/:/opt/riscv64-unknown-elf/bin/../lib/gcc/:/opt/riscv64-unknown-elf/bin/../lib/gcc/riscv64-unknown-elf/10.2.0/../../../../riscv64-unknown-elf/lib/:/opt/riscv64-unknown-elf/bin/../riscv64-unknown-elf/lib/
COLLECT_GCC_OPTIONS='-v' '-o' 'CMakeFiles/cmTC_79a56.dir/CMakeCXXCompilerABI.cpp.obj' '-c' '-march=rv64gcxthead' '-mabi=lp64d' '-march=rv64imafdc_xtheadc'
Linking CXX executable cmTC_79a56
/home/cjacker/bl_mcu_sdk/tools/cmake/bin/cmake -E cmake_link_script CMakeFiles/cmTC_79a56.dir/link.txt --verbose=1
/opt/riscv64-unknown-elf/bin/riscv64-unknown-elf-g++  -v CMakeFiles/cmTC_79a56.dir/CMakeCXXCompilerABI.cpp.obj -o cmTC_79a56 
Using built-in specs.
COLLECT_GCC=/opt/riscv64-unknown-elf/bin/riscv64-unknown-elf-g++
COLLECT_LTO_WRAPPER=/opt/riscv64-unknown-elf/bin/../libexec/gcc/riscv64-unknown-elf/10.2.0/lto-wrapper
Target: riscv64-unknown-elf
Configured with: /mnt/ssd/jenkins_iotsw/slave/workspace/Toolchain/build-gnu-riscv/./source/riscv/riscv-gcc/configure --target=riscv64-unknown-elf --with-gmp=/mnt/ssd/jenkins_iotsw/slave/workspace/Toolchain/build-gnu-riscv/build-gcc-riscv64-unknown-elf/build-Xuantie-900-gcc-elf-newlib-x86_64-V2.6.1/lib-for-gcc-x86_64-linux --with-mpfr=/mnt/ssd/jenkins_iotsw/slave/workspace/Toolchain/build-gnu-riscv/build-gcc-riscv64-unknown-elf/build-Xuantie-900-gcc-elf-newlib-x86_64-V2.6.1/lib-for-gcc-x86_64-linux --with-mpc=/mnt/ssd/jenkins_iotsw/slave/workspace/Toolchain/build-gnu-riscv/build-gcc-riscv64-unknown-elf/build-Xuantie-900-gcc-elf-newlib-x86_64-V2.6.1/lib-for-gcc-x86_64-linux --with-libexpat-prefix=/mnt/ssd/jenkins_iotsw/slave/workspace/Toolchain/build-gnu-riscv/build-gcc-riscv64-unknown-elf/build-Xuantie-900-gcc-elf-newlib-x86_64-V2.6.1/lib-for-gcc-x86_64-linux --with-libmpfr-prefix=/mnt/ssd/jenkins_iotsw/slave/workspace/Toolchain/build-gnu-riscv/build-gcc-riscv64-unknown-elf/build-Xuantie-900-gcc-elf-newlib-x86_64-V2.6.1/lib-for-gcc-x86_64-linux --with-pkgversion='Xuantie-900 elf newlib gcc Toolchain V2.6.1 B-20220906' CXXFLAGS='-g -O2 -DTHEAD_VERSION_NUMBER=2.6.1 ' --enable-libgcctf --prefix=/mnt/ssd/jenkins_iotsw/slave/workspace/Toolchain/build-gnu-riscv/build-gcc-riscv64-unknown-elf/Xuantie-900-gcc-elf-newlib-x86_64-V2.6.1 --disable-shared --enable-threads=posix --enable-languages=c,c++ --with-system-zlib --enable-tls --with-newlib --with-sysroot=/mnt/ssd/jenkins_iotsw/slave/workspace/Toolchain/build-gnu-riscv/build-gcc-riscv64-unknown-elf/Xuantie-900-gcc-elf-newlib-x86_64-V2.6.1/riscv64-unknown-elf --with-native-system-header-dir=/include --disable-libmudflap --disable-libssp --disable-libquadmath --disable-libgomp --disable-nls --disable-tm-clone-registry --src=/mnt/ssd/jenkins_iotsw/slave/workspace/Toolchain/build-gnu-riscv/./source/riscv/riscv-gcc --enable-multilib --with-abi=lp64d --with-arch=rv64gcxthead 'CFLAGS_FOR_TARGET=-Os   -mcmodel=medany' 'CXXFLAGS_FOR_TARGET=-Os   -mcmodel=medany'
Thread model: posix
Supported LTO compression algorithms: zlib
gcc version 10.2.0 (Xuantie-900 elf newlib gcc Toolchain V2.6.1 B-20220906) 
COMPILER_PATH=/opt/riscv64-unknown-elf/bin/../libexec/gcc/riscv64-unknown-elf/10.2.0/:/opt/riscv64-unknown-elf/bin/../libexec/gcc/:/opt/riscv64-unknown-elf/bin/../lib/gcc/riscv64-unknown-elf/10.2.0/../../../../riscv64-unknown-elf/bin/
LIBRARY_PATH=/opt/riscv64-unknown-elf/bin/../lib/gcc/riscv64-unknown-elf/10.2.0/rv64imafdc_zfh_xtheadc/lp64d/:/opt/riscv64-unknown-elf/bin/../lib/gcc/riscv64-unknown-elf/10.2.0/../../../../riscv64-unknown-elf/lib/rv64imafdc_zfh_xtheadc/lp64d/:/opt/riscv64-unknown-elf/bin/../riscv64-unknown-elf/lib/rv64imafdc_zfh_xtheadc/lp64d/:/opt/riscv64-unknown-elf/bin/../lib/gcc/riscv64-unknown-elf/10.2.0/:/opt/riscv64-unknown-elf/bin/../lib/gcc/:/opt/riscv64-unknown-elf/bin/../lib/gcc/riscv64-unknown-elf/10.2.0/../../../../riscv64-unknown-elf/lib/:/opt/riscv64-unknown-elf/bin/../riscv64-unknown-elf/lib/
COLLECT_GCC_OPTIONS='-v' '-o' 'cmTC_79a56' '-march=rv64gcxthead' '-mabi=lp64d' '-march=rv64imafdc_xtheadc'
 /opt/riscv64-unknown-elf/bin/../libexec/gcc/riscv64-unknown-elf/10.2.0/collect2 -plugin /opt/riscv64-unknown-elf/bin/../libexec/gcc/riscv64-unknown-elf/10.2.0/liblto_plugin.so -plugin-opt=/opt/riscv64-unknown-elf/bin/../libexec/gcc/riscv64-unknown-elf/10.2.0/lto-wrapper -plugin-opt=-fresolution=/tmp/cck1FuP6.res -plugin-opt=-pass-through=-lgcc -plugin-opt=-pass-through=-lc -plugin-opt=-pass-through=-lgloss -plugin-opt=-pass-through=-lgcc --sysroot=/opt/riscv64-unknown-elf/bin/../riscv64-unknown-elf -melf64lriscv -o cmTC_79a56 /opt/riscv64-unknown-elf/bin/../lib/gcc/riscv64-unknown-elf/10.2.0/../../../../riscv64-unknown-elf/lib/rv64imafdc_zfh_xtheadc/lp64d/crt0.o /opt/riscv64-unknown-elf/bin/../lib/gcc/riscv64-unknown-elf/10.2.0/rv64imafdc_zfh_xtheadc/lp64d/crtbegin.o -L/opt/riscv64-unknown-elf/bin/../lib/gcc/riscv64-unknown-elf/10.2.0/rv64imafdc_zfh_xtheadc/lp64d -L/opt/riscv64-unknown-elf/bin/../lib/gcc/riscv64-unknown-elf/10.2.0/../../../../riscv64-unknown-elf/lib/rv64imafdc_zfh_xtheadc/lp64d -L/opt/riscv64-unknown-elf/bin/../riscv64-unknown-elf/lib/rv64imafdc_zfh_xtheadc/lp64d -L/opt/riscv64-unknown-elf/bin/../lib/gcc/riscv64-unknown-elf/10.2.0 -L/opt/riscv64-unknown-elf/bin/../lib/gcc -L/opt/riscv64-unknown-elf/bin/../lib/gcc/riscv64-unknown-elf/10.2.0/../../../../riscv64-unknown-elf/lib -L/opt/riscv64-unknown-elf/bin/../riscv64-unknown-elf/lib CMakeFiles/cmTC_79a56.dir/CMakeCXXCompilerABI.cpp.obj -lstdc++ -lm -lgcc --start-group -lc -lgloss --end-group -lgcc /opt/riscv64-unknown-elf/bin/../lib/gcc/riscv64-unknown-elf/10.2.0/rv64imafdc_zfh_xtheadc/lp64d/crtend.o
COLLECT_GCC_OPTIONS='-v' '-o' 'cmTC_79a56' '-march=rv64gcxthead' '-mabi=lp64d' '-march=rv64imafdc_xtheadc'
gmake[3]: Leaving directory '/home/cjacker/work/opensource-toolchain-bouffalo-lab/triplecore_bl808/helloworld_lp/build/CMakeFiles/CMakeScratch/TryCompile-Az9z55'
gmake[2]: Leaving directory '/home/cjacker/work/opensource-toolchain-bouffalo-lab/triplecore_bl808/helloworld_lp/build/CMakeFiles/CMakeScratch/TryCompile-Az9z55'



Parsed CXX implicit include dir info from above output: rv=done
  found start of include info
  found start of implicit include info
    add: [/opt/riscv64-unknown-elf/bin/../lib/gcc/riscv64-unknown-elf/10.2.0/../../../../riscv64-unknown-elf/include/c++/10.2.0]
    add: [/opt/riscv64-unknown-elf/bin/../lib/gcc/riscv64-unknown-elf/10.2.0/../../../../riscv64-unknown-elf/include/c++/10.2.0/riscv64-unknown-elf/rv64imafdc_zfh_xtheadc/lp64d]
    add: [/opt/riscv64-unknown-elf/bin/../lib/gcc/riscv64-unknown-elf/10.2.0/../../../../riscv64-unknown-elf/include/c++/10.2.0/backward]
    add: [/opt/riscv64-unknown-elf/bin/../lib/gcc/riscv64-unknown-elf/10.2.0/include]
    add: [/opt/riscv64-unknown-elf/bin/../lib/gcc/riscv64-unknown-elf/10.2.0/include-fixed]
    add: [/opt/riscv64-unknown-elf/bin/../lib/gcc/riscv64-unknown-elf/10.2.0/../../../../riscv64-unknown-elf/include]
  end of search list found
  collapse include dir [/opt/riscv64-unknown-elf/bin/../lib/gcc/riscv64-unknown-elf/10.2.0/../../../../riscv64-unknown-elf/include/c++/10.2.0] ==> [/opt/riscv64-unknown-elf/riscv64-unknown-elf/include/c++/10.2.0]
  collapse include dir [/opt/riscv64-unknown-elf/bin/../lib/gcc/riscv64-unknown-elf/10.2.0/../../../../riscv64-unknown-elf/include/c++/10.2.0/riscv64-unknown-elf/rv64imafdc_zfh_xtheadc/lp64d] ==> [/opt/riscv64-unknown-elf/riscv64-unknown-elf/include/c++/10.2.0/riscv64-unknown-elf/rv64imafdc_zfh_xtheadc/lp64d]
  collapse include dir [/opt/riscv64-unknown-elf/bin/../lib/gcc/riscv64-unknown-elf/10.2.0/../../../../riscv64-unknown-elf/include/c++/10.2.0/backward] ==> [/opt/riscv64-unknown-elf/riscv64-unknown-elf/include/c++/10.2.0/backward]
  collapse include dir [/opt/riscv64-unknown-elf/bin/../lib/gcc/riscv64-unknown-elf/10.2.0/include] ==> [/opt/riscv64-unknown-elf/lib/gcc/riscv64-unknown-elf/10.2.0/include]
  collapse include dir [/opt/riscv64-unknown-elf/bin/../lib/gcc/riscv64-unknown-elf/10.2.0/include-fixed] ==> [/opt/riscv64-unknown-elf/lib/gcc/riscv64-unknown-elf/10.2.0/include-fixed]
  collapse include dir [/opt/riscv64-unknown-elf/bin/../lib/gcc/riscv64-unknown-elf/10.2.0/../../../../riscv64-unknown-elf/include] ==> [/opt/riscv64-unknown-elf/riscv64-unknown-elf/include]
  implicit include dirs: [/opt/riscv64-unknown-elf/riscv64-unknown-elf/include/c++/10.2.0;/opt/riscv64-unknown-elf/riscv64-unknown-elf/include/c++/10.2.0/riscv64-unknown-elf/rv64imafdc_zfh_xtheadc/lp64d;/opt/riscv64-unknown-elf/riscv64-unknown-elf/include/c++/10.2.0/backward;/opt/riscv64-unknown-elf/lib/gcc/riscv64-unknown-elf/10.2.0/include;/opt/riscv64-unknown-elf/lib/gcc/riscv64-unknown-elf/10.2.0/include-fixed;/opt/riscv64-unknown-elf/riscv64-unknown-elf/include]


Parsed CXX implicit link information from above output:
  link line regex: [^( *|.*[/\])(riscv64-unknown-elf-ld|CMAKE_LINK_STARTFILE-NOTFOUND|([^/\]+-)?ld|collect2)[^/\]*( |$)]
  ignore line: [Change Dir: /home/cjacker/work/opensource-toolchain-bouffalo-lab/triplecore_bl808/helloworld_lp/build/CMakeFiles/CMakeScratch/TryCompile-Az9z55]
  ignore line: []
  ignore line: [Run Build Command(s):/usr/bin/gmake -f Makefile cmTC_79a56/fast && gmake[2]: Entering directory '/home/cjacker/work/opensource-toolchain-bouffalo-lab/triplecore_bl808/helloworld_lp/build/CMakeFiles/CMakeScratch/TryCompile-Az9z55']
  ignore line: [/usr/bin/gmake  -f CMakeFiles/cmTC_79a56.dir/build.make CMakeFiles/cmTC_79a56.dir/build]
  ignore line: [gmake[3]: Entering directory '/home/cjacker/work/opensource-toolchain-bouffalo-lab/triplecore_bl808/helloworld_lp/build/CMakeFiles/CMakeScratch/TryCompile-Az9z55']
  ignore line: [Building CXX object CMakeFiles/cmTC_79a56.dir/CMakeCXXCompilerABI.cpp.obj]
  ignore line: [/opt/riscv64-unknown-elf/bin/riscv64-unknown-elf-g++   -v -o CMakeFiles/cmTC_79a56.dir/CMakeCXXCompilerABI.cpp.obj -c /home/cjacker/bl_mcu_sdk/tools/cmake/share/cmake-3.25/Modules/CMakeCXXCompilerABI.cpp]
  ignore line: [Using built-in specs.]
  ignore line: [COLLECT_GCC=/opt/riscv64-unknown-elf/bin/riscv64-unknown-elf-g++]
  ignore line: [Target: riscv64-unknown-elf]
  ignore line: [Configured with: /mnt/ssd/jenkins_iotsw/slave/workspace/Toolchain/build-gnu-riscv/./source/riscv/riscv-gcc/configure --target=riscv64-unknown-elf --with-gmp=/mnt/ssd/jenkins_iotsw/slave/workspace/Toolchain/build-gnu-riscv/build-gcc-riscv64-unknown-elf/build-Xuantie-900-gcc-elf-newlib-x86_64-V2.6.1/lib-for-gcc-x86_64-linux --with-mpfr=/mnt/ssd/jenkins_iotsw/slave/workspace/Toolchain/build-gnu-riscv/build-gcc-riscv64-unknown-elf/build-Xuantie-900-gcc-elf-newlib-x86_64-V2.6.1/lib-for-gcc-x86_64-linux --with-mpc=/mnt/ssd/jenkins_iotsw/slave/workspace/Toolchain/build-gnu-riscv/build-gcc-riscv64-unknown-elf/build-Xuantie-900-gcc-elf-newlib-x86_64-V2.6.1/lib-for-gcc-x86_64-linux --with-libexpat-prefix=/mnt/ssd/jenkins_iotsw/slave/workspace/Toolchain/build-gnu-riscv/build-gcc-riscv64-unknown-elf/build-Xuantie-900-gcc-elf-newlib-x86_64-V2.6.1/lib-for-gcc-x86_64-linux --with-libmpfr-prefix=/mnt/ssd/jenkins_iotsw/slave/workspace/Toolchain/build-gnu-riscv/build-gcc-riscv64-unknown-elf/build-Xuantie-900-gcc-elf-newlib-x86_64-V2.6.1/lib-for-gcc-x86_64-linux --with-pkgversion='Xuantie-900 elf newlib gcc Toolchain V2.6.1 B-20220906' CXXFLAGS='-g -O2 -DTHEAD_VERSION_NUMBER=2.6.1 ' --enable-libgcctf --prefix=/mnt/ssd/jenkins_iotsw/slave/workspace/Toolchain/build-gnu-riscv/build-gcc-riscv64-unknown-elf/Xuantie-900-gcc-elf-newlib-x86_64-V2.6.1 --disable-shared --enable-threads=posix --enable-languages=c c++ --with-system-zlib --enable-tls --with-newlib --with-sysroot=/mnt/ssd/jenkins_iotsw/slave/workspace/Toolchain/build-gnu-riscv/build-gcc-riscv64-unknown-elf/Xuantie-900-gcc-elf-newlib-x86_64-V2.6.1/riscv64-unknown-elf --with-native-system-header-dir=/include --disable-libmudflap --disable-libssp --disable-libquadmath --disable-libgomp --disable-nls --disable-tm-clone-registry --src=/mnt/ssd/jenkins_iotsw/slave/workspace/Toolchain/build-gnu-riscv/./source/riscv/riscv-gcc --enable-multilib --with-abi=lp64d --with-arch=rv64gcxthead 'CFLAGS_FOR_TARGET=-Os   -mcmodel=medany' 'CXXFLAGS_FOR_TARGET=-Os   -mcmodel=medany']
  ignore line: [Thread model: posix]
  ignore line: [Supported LTO compression algorithms: zlib]
  ignore line: [gcc version 10.2.0 (Xuantie-900 elf newlib gcc Toolchain V2.6.1 B-20220906) ]
  ignore line: [COLLECT_GCC_OPTIONS='-v' '-o' 'CMakeFiles/cmTC_79a56.dir/CMakeCXXCompilerABI.cpp.obj' '-c' '-march=rv64gcxthead' '-mabi=lp64d' '-march=rv64imafdc_xtheadc']
  ignore line: [ /opt/riscv64-unknown-elf/bin/../libexec/gcc/riscv64-unknown-elf/10.2.0/cc1plus -quiet -v -imultilib rv64imafdc_zfh_xtheadc/lp64d -iprefix /opt/riscv64-unknown-elf/bin/../lib/gcc/riscv64-unknown-elf/10.2.0/ -isysroot /opt/riscv64-unknown-elf/bin/../riscv64-unknown-elf /home/cjacker/bl_mcu_sdk/tools/cmake/share/cmake-3.25/Modules/CMakeCXXCompilerABI.cpp -quiet -dumpbase CMakeCXXCompilerABI.cpp -march=rv64gcxthead -mabi=lp64d -march=rv64imafdc_xtheadc -auxbase-strip CMakeFiles/cmTC_79a56.dir/CMakeCXXCompilerABI.cpp.obj -version -o /tmp/ccBNjbc2.s]
  ignore line: [GNU C++14 (Xuantie-900 elf newlib gcc Toolchain V2.6.1 B-20220906) version 10.2.0 (riscv64-unknown-elf)]
  ignore line: [	compiled by GNU C version 6.4.0  GMP version 6.2.0  MPFR version 4.0.2  MPC version 1.1.0  isl version none]
  ignore line: [GGC heuristics: --param ggc-min-expand=100 --param ggc-min-heapsize=131072]
  ignore line: [ignoring duplicate directory "/opt/riscv64-unknown-elf/bin/../lib/gcc/../../lib/gcc/riscv64-unknown-elf/10.2.0/../../../../riscv64-unknown-elf/include/c++/10.2.0"]
  ignore line: [ignoring duplicate directory "/opt/riscv64-unknown-elf/bin/../lib/gcc/../../lib/gcc/riscv64-unknown-elf/10.2.0/../../../../riscv64-unknown-elf/include/c++/10.2.0/riscv64-unknown-elf/rv64imafdc_zfh_xtheadc/lp64d"]
  ignore line: [ignoring duplicate directory "/opt/riscv64-unknown-elf/bin/../lib/gcc/../../lib/gcc/riscv64-unknown-elf/10.2.0/../../../../riscv64-unknown-elf/include/c++/10.2.0/backward"]
  ignore line: [ignoring duplicate directory "/opt/riscv64-unknown-elf/bin/../lib/gcc/../../lib/gcc/riscv64-unknown-elf/10.2.0/include"]
  ignore line: [ignoring nonexistent directory "/opt/riscv64-unknown-elf/bin/../riscv64-unknown-elf/usr/local/include"]
  ignore line: [ignoring duplicate directory "/opt/riscv64-unknown-elf/bin/../lib/gcc/../../lib/gcc/riscv64-unknown-elf/10.2.0/include-fixed"]
  ignore line: [ignoring duplicate directory "/opt/riscv64-unknown-elf/bin/../lib/gcc/../../lib/gcc/riscv64-unknown-elf/10.2.0/../../../../riscv64-unknown-elf/include"]
  ignore line: [ignoring duplicate directory "/opt/riscv64-unknown-elf/bin/../riscv64-unknown-elf/include"]
  ignore line: [#include "..." search starts here:]
  ignore line: [#include <...> search starts here:]
  ignore line: [ /opt/riscv64-unknown-elf/bin/../lib/gcc/riscv64-unknown-elf/10.2.0/../../../../riscv64-unknown-elf/include/c++/10.2.0]
  ignore line: [ /opt/riscv64-unknown-elf/bin/../lib/gcc/riscv64-unknown-elf/10.2.0/../../../../riscv64-unknown-elf/include/c++/10.2.0/riscv64-unknown-elf/rv64imafdc_zfh_xtheadc/lp64d]
  ignore line: [ /opt/riscv64-unknown-elf/bin/../lib/gcc/riscv64-unknown-elf/10.2.0/../../../../riscv64-unknown-elf/include/c++/10.2.0/backward]
  ignore line: [ /opt/riscv64-unknown-elf/bin/../lib/gcc/riscv64-unknown-elf/10.2.0/include]
  ignore line: [ /opt/riscv64-unknown-elf/bin/../lib/gcc/riscv64-unknown-elf/10.2.0/include-fixed]
  ignore line: [ /opt/riscv64-unknown-elf/bin/../lib/gcc/riscv64-unknown-elf/10.2.0/../../../../riscv64-unknown-elf/include]
  ignore line: [End of search list.]
  ignore line: [GNU C++14 (Xuantie-900 elf newlib gcc Toolchain V2.6.1 B-20220906) version 10.2.0 (riscv64-unknown-elf)]
  ignore line: [	compiled by GNU C version 6.4.0  GMP version 6.2.0  MPFR version 4.0.2  MPC version 1.1.0  isl version none]
  ignore line: [GGC heuristics: --param ggc-min-expand=100 --param ggc-min-heapsize=131072]
  ignore line: [Compiler executable checksum: f924dbd000ee9bf599eef29c1965e72d]
  ignore line: [COLLECT_GCC_OPTIONS='-v' '-o' 'CMakeFiles/cmTC_79a56.dir/CMakeCXXCompilerABI.cpp.obj' '-c' '-march=rv64gcxthead' '-mabi=lp64d' '-march=rv64imafdc_xtheadc']
  ignore line: [ /opt/riscv64-unknown-elf/bin/../lib/gcc/riscv64-unknown-elf/10.2.0/../../../../riscv64-unknown-elf/bin/as -v --traditional-format -march=rv64gcxthead -march=rv64imafdc_xtheadc -mabi=lp64d -o CMakeFiles/cmTC_79a56.dir/CMakeCXXCompilerABI.cpp.obj /tmp/ccBNjbc2.s]
  ignore line: [GNU assembler version 2.35 (riscv64-unknown-elf) using BFD version (GNU Binutils) 2.35]
  ignore line: [COMPILER_PATH=/opt/riscv64-unknown-elf/bin/../libexec/gcc/riscv64-unknown-elf/10.2.0/:/opt/riscv64-unknown-elf/bin/../libexec/gcc/:/opt/riscv64-unknown-elf/bin/../lib/gcc/riscv64-unknown-elf/10.2.0/../../../../riscv64-unknown-elf/bin/]
  ignore line: [LIBRARY_PATH=/opt/riscv64-unknown-elf/bin/../lib/gcc/riscv64-unknown-elf/10.2.0/rv64imafdc_zfh_xtheadc/lp64d/:/opt/riscv64-unknown-elf/bin/../lib/gcc/riscv64-unknown-elf/10.2.0/../../../../riscv64-unknown-elf/lib/rv64imafdc_zfh_xtheadc/lp64d/:/opt/riscv64-unknown-elf/bin/../riscv64-unknown-elf/lib/rv64imafdc_zfh_xtheadc/lp64d/:/opt/riscv64-unknown-elf/bin/../lib/gcc/riscv64-unknown-elf/10.2.0/:/opt/riscv64-unknown-elf/bin/../lib/gcc/:/opt/riscv64-unknown-elf/bin/../lib/gcc/riscv64-unknown-elf/10.2.0/../../../../riscv64-unknown-elf/lib/:/opt/riscv64-unknown-elf/bin/../riscv64-unknown-elf/lib/]
  ignore line: [COLLECT_GCC_OPTIONS='-v' '-o' 'CMakeFiles/cmTC_79a56.dir/CMakeCXXCompilerABI.cpp.obj' '-c' '-march=rv64gcxthead' '-mabi=lp64d' '-march=rv64imafdc_xtheadc']
  ignore line: [Linking CXX executable cmTC_79a56]
  ignore line: [/home/cjacker/bl_mcu_sdk/tools/cmake/bin/cmake -E cmake_link_script CMakeFiles/cmTC_79a56.dir/link.txt --verbose=1]
  ignore line: [/opt/riscv64-unknown-elf/bin/riscv64-unknown-elf-g++  -v CMakeFiles/cmTC_79a56.dir/CMakeCXXCompilerABI.cpp.obj -o cmTC_79a56 ]
  ignore line: [Using built-in specs.]
  ignore line: [COLLECT_GCC=/opt/riscv64-unknown-elf/bin/riscv64-unknown-elf-g++]
  ignore line: [COLLECT_LTO_WRAPPER=/opt/riscv64-unknown-elf/bin/../libexec/gcc/riscv64-unknown-elf/10.2.0/lto-wrapper]
  ignore line: [Target: riscv64-unknown-elf]
  ignore line: [Configured with: /mnt/ssd/jenkins_iotsw/slave/workspace/Toolchain/build-gnu-riscv/./source/riscv/riscv-gcc/configure --target=riscv64-unknown-elf --with-gmp=/mnt/ssd/jenkins_iotsw/slave/workspace/Toolchain/build-gnu-riscv/build-gcc-riscv64-unknown-elf/build-Xuantie-900-gcc-elf-newlib-x86_64-V2.6.1/lib-for-gcc-x86_64-linux --with-mpfr=/mnt/ssd/jenkins_iotsw/slave/workspace/Toolchain/build-gnu-riscv/build-gcc-riscv64-unknown-elf/build-Xuantie-900-gcc-elf-newlib-x86_64-V2.6.1/lib-for-gcc-x86_64-linux --with-mpc=/mnt/ssd/jenkins_iotsw/slave/workspace/Toolchain/build-gnu-riscv/build-gcc-riscv64-unknown-elf/build-Xuantie-900-gcc-elf-newlib-x86_64-V2.6.1/lib-for-gcc-x86_64-linux --with-libexpat-prefix=/mnt/ssd/jenkins_iotsw/slave/workspace/Toolchain/build-gnu-riscv/build-gcc-riscv64-unknown-elf/build-Xuantie-900-gcc-elf-newlib-x86_64-V2.6.1/lib-for-gcc-x86_64-linux --with-libmpfr-prefix=/mnt/ssd/jenkins_iotsw/slave/workspace/Toolchain/build-gnu-riscv/build-gcc-riscv64-unknown-elf/build-Xuantie-900-gcc-elf-newlib-x86_64-V2.6.1/lib-for-gcc-x86_64-linux --with-pkgversion='Xuantie-900 elf newlib gcc Toolchain V2.6.1 B-20220906' CXXFLAGS='-g -O2 -DTHEAD_VERSION_NUMBER=2.6.1 ' --enable-libgcctf --prefix=/mnt/ssd/jenkins_iotsw/slave/workspace/Toolchain/build-gnu-riscv/build-gcc-riscv64-unknown-elf/Xuantie-900-gcc-elf-newlib-x86_64-V2.6.1 --disable-shared --enable-threads=posix --enable-languages=c c++ --with-system-zlib --enable-tls --with-newlib --with-sysroot=/mnt/ssd/jenkins_iotsw/slave/workspace/Toolchain/build-gnu-riscv/build-gcc-riscv64-unknown-elf/Xuantie-900-gcc-elf-newlib-x86_64-V2.6.1/riscv64-unknown-elf --with-native-system-header-dir=/include --disable-libmudflap --disable-libssp --disable-libquadmath --disable-libgomp --disable-nls --disable-tm-clone-registry --src=/mnt/ssd/jenkins_iotsw/slave/workspace/Toolchain/build-gnu-riscv/./source/riscv/riscv-gcc --enable-multilib --with-abi=lp64d --with-arch=rv64gcxthead 'CFLAGS_FOR_TARGET=-Os   -mcmodel=medany' 'CXXFLAGS_FOR_TARGET=-Os   -mcmodel=medany']
  ignore line: [Thread model: posix]
  ignore line: [Supported LTO compression algorithms: zlib]
  ignore line: [gcc version 10.2.0 (Xuantie-900 elf newlib gcc Toolchain V2.6.1 B-20220906) ]
  ignore line: [COMPILER_PATH=/opt/riscv64-unknown-elf/bin/../libexec/gcc/riscv64-unknown-elf/10.2.0/:/opt/riscv64-unknown-elf/bin/../libexec/gcc/:/opt/riscv64-unknown-elf/bin/../lib/gcc/riscv64-unknown-elf/10.2.0/../../../../riscv64-unknown-elf/bin/]
  ignore line: [LIBRARY_PATH=/opt/riscv64-unknown-elf/bin/../lib/gcc/riscv64-unknown-elf/10.2.0/rv64imafdc_zfh_xtheadc/lp64d/:/opt/riscv64-unknown-elf/bin/../lib/gcc/riscv64-unknown-elf/10.2.0/../../../../riscv64-unknown-elf/lib/rv64imafdc_zfh_xtheadc/lp64d/:/opt/riscv64-unknown-elf/bin/../riscv64-unknown-elf/lib/rv64imafdc_zfh_xtheadc/lp64d/:/opt/riscv64-unknown-elf/bin/../lib/gcc/riscv64-unknown-elf/10.2.0/:/opt/riscv64-unknown-elf/bin/../lib/gcc/:/opt/riscv64-unknown-elf/bin/../lib/gcc/riscv64-unknown-elf/10.2.0/../../../../riscv64-unknown-elf/lib/:/opt/riscv64-unknown-elf/bin/../riscv64-unknown-elf/lib/]
  ignore line: [COLLECT_GCC_OPTIONS='-v' '-o' 'cmTC_79a56' '-march=rv64gcxthead' '-mabi=lp64d' '-march=rv64imafdc_xtheadc']
  link line: [ /opt/riscv64-unknown-elf/bin/../libexec/gcc/riscv64-unknown-elf/10.2.0/collect2 -plugin /opt/riscv64-unknown-elf/bin/../libexec/gcc/riscv64-unknown-elf/10.2.0/liblto_plugin.so -plugin-opt=/opt/riscv64-unknown-elf/bin/../libexec/gcc/riscv64-unknown-elf/10.2.0/lto-wrapper -plugin-opt=-fresolution=/tmp/cck1FuP6.res -plugin-opt=-pass-through=-lgcc -plugin-opt=-pass-through=-lc -plugin-opt=-pass-through=-lgloss -plugin-opt=-pass-through=-lgcc --sysroot=/opt/riscv64-unknown-elf/bin/../riscv64-unknown-elf -melf64lriscv -o cmTC_79a56 /opt/riscv64-unknown-elf/bin/../lib/gcc/riscv64-unknown-elf/10.2.0/../../../../riscv64-unknown-elf/lib/rv64imafdc_zfh_xtheadc/lp64d/crt0.o /opt/riscv64-unknown-elf/bin/../lib/gcc/riscv64-unknown-elf/10.2.0/rv64imafdc_zfh_xtheadc/lp64d/crtbegin.o -L/opt/riscv64-unknown-elf/bin/../lib/gcc/riscv64-unknown-elf/10.2.0/rv64imafdc_zfh_xtheadc/lp64d -L/opt/riscv64-unknown-elf/bin/../lib/gcc/riscv64-unknown-elf/10.2.0/../../../../riscv64-unknown-elf/lib/rv64imafdc_zfh_xtheadc/lp64d -L/opt/riscv64-unknown-elf/bin/../riscv64-unknown-elf/lib/rv64imafdc_zfh_xtheadc/lp64d -L/opt/riscv64-unknown-elf/bin/../lib/gcc/riscv64-unknown-elf/10.2.0 -L/opt/riscv64-unknown-elf/bin/../lib/gcc -L/opt/riscv64-unknown-elf/bin/../lib/gcc/riscv64-unknown-elf/10.2.0/../../../../riscv64-unknown-elf/lib -L/opt/riscv64-unknown-elf/bin/../riscv64-unknown-elf/lib CMakeFiles/cmTC_79a56.dir/CMakeCXXCompilerABI.cpp.obj -lstdc++ -lm -lgcc --start-group -lc -lgloss --end-group -lgcc /opt/riscv64-unknown-elf/bin/../lib/gcc/riscv64-unknown-elf/10.2.0/rv64imafdc_zfh_xtheadc/lp64d/crtend.o]
    arg [/opt/riscv64-unknown-elf/bin/../libexec/gcc/riscv64-unknown-elf/10.2.0/collect2] ==> ignore
    arg [-plugin] ==> ignore
    arg [/opt/riscv64-unknown-elf/bin/../libexec/gcc/riscv64-unknown-elf/10.2.0/liblto_plugin.so] ==> ignore
    arg [-plugin-opt=/opt/riscv64-unknown-elf/bin/../libexec/gcc/riscv64-unknown-elf/10.2.0/lto-wrapper] ==> ignore
    arg [-plugin-opt=-fresolution=/tmp/cck1FuP6.res] ==> ignore
    arg [-plugin-opt=-pass-through=-lgcc] ==> ignore
    arg [-plugin-opt=-pass-through=-lc] ==> ignore
    arg [-plugin-opt=-pass-through=-lgloss] ==> ignore
    arg [-plugin-opt=-pass-through=-lgcc] ==> ignore
    arg [--sysroot=/opt/riscv64-unknown-elf/bin/../riscv64-unknown-elf] ==> ignore
    arg [-melf64lriscv] ==> ignore
    arg [-o] ==> ignore
    arg [cmTC_79a56] ==> ignore
    arg [/opt/riscv64-unknown-elf/bin/../lib/gcc/riscv64-unknown-elf/10.2.0/../../../../riscv64-unknown-elf/lib/rv64imafdc_zfh_xtheadc/lp64d/crt0.o] ==> obj [/opt/riscv64-unknown-elf/bin/../lib/gcc/riscv64-unknown-elf/10.2.0/../../../../riscv64-unknown-elf/lib/rv64imafdc_zfh_xtheadc/lp64d/crt0.o]
    arg [/opt/riscv64-unknown-elf/bin/../lib/gcc/riscv64-unknown-elf/10.2.0/rv64imafdc_zfh_xtheadc/lp64d/crtbegin.o] ==> obj [/opt/riscv64-unknown-elf/bin/../lib/gcc/riscv64-unknown-elf/10.2.0/rv64imafdc_zfh_xtheadc/lp64d/crtbegin.o]
    arg [-L/opt/riscv64-unknown-elf/bin/../lib/gcc/riscv64-unknown-elf/10.2.0/rv64imafdc_zfh_xtheadc/lp64d] ==> dir [/opt/riscv64-unknown-elf/bin/../lib/gcc/riscv64-unknown-elf/10.2.0/rv64imafdc_zfh_xtheadc/lp64d]
    arg [-L/opt/riscv64-unknown-elf/bin/../lib/gcc/riscv64-unknown-elf/10.2.0/../../../../riscv64-unknown-elf/lib/rv64imafdc_zfh_xtheadc/lp64d] ==> dir [/opt/riscv64-unknown-elf/bin/../lib/gcc/riscv64-unknown-elf/10.2.0/../../../../riscv64-unknown-elf/lib/rv64imafdc_zfh_xtheadc/lp64d]
    arg [-L/opt/riscv64-unknown-elf/bin/../riscv64-unknown-elf/lib/rv64imafdc_zfh_xtheadc/lp64d] ==> dir [/opt/riscv64-unknown-elf/bin/../riscv64-unknown-elf/lib/rv64imafdc_zfh_xtheadc/lp64d]
    arg [-L/opt/riscv64-unknown-elf/bin/../lib/gcc/riscv64-unknown-elf/10.2.0] ==> dir [/opt/riscv64-unknown-elf/bin/../lib/gcc/riscv64-unknown-elf/10.2.0]
    arg [-L/opt/riscv64-unknown-elf/bin/../lib/gcc] ==> dir [/opt/riscv64-unknown-elf/bin/../lib/gcc]
    arg [-L/opt/riscv64-unknown-elf/bin/../lib/gcc/riscv64-unknown-elf/10.2.0/../../../../riscv64-unknown-elf/lib] ==> dir [/opt/riscv64-unknown-elf/bin/../lib/gcc/riscv64-unknown-elf/10.2.0/../../../../riscv64-unknown-elf/lib]
    arg [-L/opt/riscv64-unknown-elf/bin/../riscv64-unknown-elf/lib] ==> dir [/opt/riscv64-unknown-elf/bin/../riscv64-unknown-elf/lib]
    arg [CMakeFiles/cmTC_79a56.dir/CMakeCXXCompilerABI.cpp.obj] ==> ignore
    arg [-lstdc++] ==> lib [stdc++]
    arg [-lm] ==> lib [m]
    arg [-lgcc] ==> lib [gcc]
    arg [--start-group] ==> ignore
    arg [-lc] ==> lib [c]
    arg [-lgloss] ==> lib [gloss]
    arg [--end-group] ==> ignore
    arg [-lgcc] ==> lib [gcc]
    arg [/opt/riscv64-unknown-elf/bin/../lib/gcc/riscv64-unknown-elf/10.2.0/rv64imafdc_zfh_xtheadc/lp64d/crtend.o] ==> obj [/opt/riscv64-unknown-elf/bin/../lib/gcc/riscv64-unknown-elf/10.2.0/rv64imafdc_zfh_xtheadc/lp64d/crtend.o]
  collapse obj [/opt/riscv64-unknown-elf/bin/../lib/gcc/riscv64-unknown-elf/10.2.0/../../../../riscv64-unknown-elf/lib/rv64imafdc_zfh_xtheadc/lp64d/crt0.o] ==> [/opt/riscv64-unknown-elf/riscv64-unknown-elf/lib/rv64imafdc_zfh_xtheadc/lp64d/crt0.o]
  collapse obj [/opt/riscv64-unknown-elf/bin/../lib/gcc/riscv64-unknown-elf/10.2.0/rv64imafdc_zfh_xtheadc/lp64d/crtbegin.o] ==> [/opt/riscv64-unknown-elf/lib/gcc/riscv64-unknown-elf/10.2.0/rv64imafdc_zfh_xtheadc/lp64d/crtbegin.o]
  collapse obj [/opt/riscv64-unknown-elf/bin/../lib/gcc/riscv64-unknown-elf/10.2.0/rv64imafdc_zfh_xtheadc/lp64d/crtend.o] ==> [/opt/riscv64-unknown-elf/lib/gcc/riscv64-unknown-elf/10.2.0/rv64imafdc_zfh_xtheadc/lp64d/crtend.o]
  collapse library dir [/opt/riscv64-unknown-elf/bin/../lib/gcc/riscv64-unknown-elf/10.2.0/rv64imafdc_zfh_xtheadc/lp64d] ==> [/opt/riscv64-unknown-elf/lib/gcc/riscv64-unknown-elf/10.2.0/rv64imafdc_zfh_xtheadc/lp64d]
  collapse library dir [/opt/riscv64-unknown-elf/bin/../lib/gcc/riscv64-unknown-elf/10.2.0/../../../../riscv64-unknown-elf/lib/rv64imafdc_zfh_xtheadc/lp64d] ==> [/opt/riscv64-unknown-elf/riscv64-unknown-elf/lib/rv64imafdc_zfh_xtheadc/lp64d]
  collapse library dir [/opt/riscv64-unknown-elf/bin/../riscv64-unknown-elf/lib/rv64imafdc_zfh_xtheadc/lp64d] ==> [/opt/riscv64-unknown-elf/riscv64-unknown-elf/lib/rv64imafdc_zfh_xtheadc/lp64d]
  collapse library dir [/opt/riscv64-unknown-elf/bin/../lib/gcc/riscv64-unknown-elf/10.2.0] ==> [/opt/riscv64-unknown-elf/lib/gcc/riscv64-unknown-elf/10.2.0]
  collapse library dir [/opt/riscv64-unknown-elf/bin/../lib/gcc] ==> [/opt/riscv64-unknown-elf/lib/gcc]
  collapse library dir [/opt/riscv64-unknown-elf/bin/../lib/gcc/riscv64-unknown-elf/10.2.0/../../../../riscv64-unknown-elf/lib] ==> [/opt/riscv64-unknown-elf/riscv64-unknown-elf/lib]
  collapse library dir [/opt/riscv64-unknown-elf/bin/../riscv64-unknown-elf/lib] ==> [/opt/riscv64-unknown-elf/riscv64-unknown-elf/lib]
  implicit libs: [stdc++;m;gcc;c;gloss;gcc]
  implicit objs: [/opt/riscv64-unknown-elf/riscv64-unknown-elf/lib/rv64imafdc_zfh_xtheadc/lp64d/crt0.o;/opt/riscv64-unknown-elf/lib/gcc/riscv64-unknown-elf/10.2.0/rv64imafdc_zfh_xtheadc/lp64d/crtbegin.o;/opt/riscv64-unknown-elf/lib/gcc/riscv64-unknown-elf/10.2.0/rv64imafdc_zfh_xtheadc/lp64d/crtend.o]
  implicit dirs: [/opt/riscv64-unknown-elf/lib/gcc/riscv64-unknown-elf/10.2.0/rv64imafdc_zfh_xtheadc/lp64d;/opt/riscv64-unknown-elf/riscv64-unknown-elf/lib/rv64imafdc_zfh_xtheadc/lp64d;/opt/riscv64-unknown-elf/lib/gcc/riscv64-unknown-elf/10.2.0;/opt/riscv64-unknown-elf/lib/gcc;/opt/riscv64-unknown-elf/riscv64-unknown-elf/lib]
  implicit fwks: []


